Hello from rank: 1
Hello from rank: 0
Rank: 0 | Device count: 2 | Using device: 0 
Rank: 1 | Device count: 2 | Using device: 1 
Hello from NVSHMEM_PE=0/2
2 GPUs detected, asked to use 2 GPUs
TILED with N=2400 (2 of 1200x1200 tiles)
SM Limit per kernel = 20
cuBLAS workspace = 256 kB
totalNodes=4
bufferSize=5920
tileSize=262144
device 0 | 0 run | time (s): 0.0228
Total time used (s): 0.0228
Starting monitoring (interval: 0.01s)
Output file: /tmp/job_137477_gpu_1.csv

Signal SIGTERM received. Stopping monitoring...
Signal handler attempting to save data to /tmp/job_137477_gpu_1.csv...
Saving 443 data points to /tmp/job_137477_gpu_1.csv...
Data saved successfully to /tmp/job_137477_gpu_1.csv
Exiting due to signal.
Main: Shutting down NVML.
Starting monitoring (interval: 0.01s)
Output file: /tmp/job_137477_gpu_0.csv

Signal SIGTERM received. Stopping monitoring...
Signal handler attempting to save data to /tmp/job_137477_gpu_0.csv...
Saving 447 data points to /tmp/job_137477_gpu_0.csv...
Data saved successfully to /tmp/job_137477_gpu_0.csv
Exiting due to signal.
Main: Shutting down NVML.
--- BEGIN PROFILER DATA GPU 0 ---
timestamp,datetime,power_w,total_energy_mj,gpu_freq_mhz,mem_freq_mhz,temperature_c,gpu_util_pct,mem_util_pct
1774305408.0016084,2026-03-23T23:36:48.001608,15.814,135320546,210,405,25,0,0
1774305408.024714,2026-03-23T23:36:48.024714,15.814,135320546,210,405,25,0,0
1774305408.0379176,2026-03-23T23:36:48.037918,15.814,135320546,210,405,25,0,0
1774305408.050993,2026-03-23T23:36:48.050993,15.814,135320546,210,405,25,0,0
1774305408.064038,2026-03-23T23:36:48.064038,15.814,135322146,210,405,25,0,0
1774305408.0770912,2026-03-23T23:36:48.077091,15.814,135322146,210,405,25,0,0
1774305408.0902138,2026-03-23T23:36:48.090214,15.814,135322146,210,405,25,0,0
1774305408.1033506,2026-03-23T23:36:48.103351,15.814,135322146,210,405,25,0,0
1774305408.1164987,2026-03-23T23:36:48.116499,15.814,135322146,210,405,25,0,0
1774305408.1295297,2026-03-23T23:36:48.129530,15.814,135322146,210,405,25,0,0
1774305408.142785,2026-03-23T23:36:48.142785,15.814,135322146,210,405,25,0,0
1774305408.1557972,2026-03-23T23:36:48.155797,15.814,135323728,210,405,25,0,0
1774305408.1692853,2026-03-23T23:36:48.169285,15.814,135323728,210,405,25,0,0
1774305408.1823823,2026-03-23T23:36:48.182382,15.814,135323728,210,405,25,0,0
1774305408.1954362,2026-03-23T23:36:48.195436,15.814,135323728,210,405,25,0,0
1774305408.2085109,2026-03-23T23:36:48.208511,15.814,135323728,210,405,25,0,0
1774305408.2215326,2026-03-23T23:36:48.221533,15.814,135323728,210,405,25,0,0
1774305408.2345548,2026-03-23T23:36:48.234555,15.814,135323728,210,405,25,0,0
1774305408.2477086,2026-03-23T23:36:48.247709,15.814,135323728,210,405,25,0,0
1774305408.2607803,2026-03-23T23:36:48.260780,15.814,135325318,210,405,25,0,0
1774305408.2738006,2026-03-23T23:36:48.273801,15.814,135325318,210,405,25,0,0
1774305408.2869353,2026-03-23T23:36:48.286935,15.814,135325318,210,405,25,0,0
1774305408.3000696,2026-03-23T23:36:48.300070,15.814,135325318,210,405,25,0,0
1774305408.3131099,2026-03-23T23:36:48.313110,15.814,135325318,210,405,25,0,0
1774305408.326152,2026-03-23T23:36:48.326152,15.814,135325318,210,405,25,0,0
1774305408.3392258,2026-03-23T23:36:48.339226,15.814,135325318,210,405,25,0,0
1774305408.352339,2026-03-23T23:36:48.352339,15.814,135326910,210,405,25,0,0
1774305408.3655033,2026-03-23T23:36:48.365503,15.814,135326910,210,405,25,0,0
1774305408.3785932,2026-03-23T23:36:48.378593,15.814,135326910,210,405,25,0,0
1774305408.3916233,2026-03-23T23:36:48.391623,15.814,135326910,210,405,25,0,0
1774305408.4046485,2026-03-23T23:36:48.404649,15.814,135326910,210,405,25,0,0
1774305408.4175894,2026-03-23T23:36:48.417589,15.814,135326910,210,405,25,0,0
1774305408.430732,2026-03-23T23:36:48.430732,15.814,135326910,210,405,25,0,0
1774305408.443838,2026-03-23T23:36:48.443838,15.814,135326910,210,405,25,0,0
1774305408.4568627,2026-03-23T23:36:48.456863,15.814,135328500,210,405,25,0,0
1774305408.4699123,2026-03-23T23:36:48.469912,15.814,135328500,210,405,25,0,0
1774305408.4829805,2026-03-23T23:36:48.482980,15.814,135328500,210,405,25,0,0
1774305408.49604,2026-03-23T23:36:48.496040,15.814,135328500,210,405,25,0,0
1774305408.5091443,2026-03-23T23:36:48.509144,15.814,135328500,210,405,25,0,0
1774305408.5221937,2026-03-23T23:36:48.522194,15.814,135328500,210,405,25,0,0
1774305408.5352464,2026-03-23T23:36:48.535246,15.814,135328500,210,405,25,0,0
1774305408.5483804,2026-03-23T23:36:48.548380,15.814,135328500,210,405,25,0,0
1774305408.561504,2026-03-23T23:36:48.561504,15.814,135330091,210,405,25,0,0
1774305408.5746555,2026-03-23T23:36:48.574656,15.814,135330091,210,405,25,0,0
1774305408.587737,2026-03-23T23:36:48.587737,15.814,135330091,210,405,25,0,0
1774305408.600783,2026-03-23T23:36:48.600783,15.814,135330091,210,405,25,0,0
1774305408.6136274,2026-03-23T23:36:48.613627,15.814,135330091,210,405,25,0,0
1774305408.6266646,2026-03-23T23:36:48.626665,15.814,135330091,210,405,25,0,0
1774305408.64017,2026-03-23T23:36:48.640170,15.814,135330091,210,405,25,0,0
1774305408.6531653,2026-03-23T23:36:48.653165,15.814,135331682,210,405,25,0,0
1774305408.6660495,2026-03-23T23:36:48.666049,15.814,135331682,210,405,25,0,0
1774305408.6788707,2026-03-23T23:36:48.678871,15.814,135331682,210,405,25,0,0
1774305408.691721,2026-03-23T23:36:48.691721,15.814,135331682,210,405,25,0,0
1774305408.70475,2026-03-23T23:36:48.704750,15.814,135331682,210,405,25,0,0
1774305408.7176225,2026-03-23T23:36:48.717623,15.814,135331682,210,405,25,0,0
1774305408.730419,2026-03-23T23:36:48.730419,15.814,135331682,210,405,25,0,0
1774305408.743325,2026-03-23T23:36:48.743325,15.814,135331682,210,405,25,0,0
1774305408.756165,2026-03-23T23:36:48.756165,15.814,135333273,210,405,25,0,0
1774305408.7696016,2026-03-23T23:36:48.769602,15.814,135333273,210,405,25,0,0
1774305408.7824473,2026-03-23T23:36:48.782447,15.814,135333273,210,405,25,0,0
1774305408.7954414,2026-03-23T23:36:48.795441,15.814,135333273,210,405,25,0,0
1774305408.8082764,2026-03-23T23:36:48.808276,15.814,135333273,210,405,25,0,0
1774305408.821068,2026-03-23T23:36:48.821068,15.814,135333273,210,405,25,0,0
1774305408.8338747,2026-03-23T23:36:48.833875,15.814,135333273,210,405,25,0,0
1774305408.8467653,2026-03-23T23:36:48.846765,15.814,135333273,210,405,25,0,0
1774305408.8595812,2026-03-23T23:36:48.859581,15.814,135334862,210,405,25,0,0
1774305408.8725116,2026-03-23T23:36:48.872512,15.863,135334862,210,405,25,0,0
1774305408.8853464,2026-03-23T23:36:48.885346,15.863,135334862,210,405,25,0,0
1774305408.8987412,2026-03-23T23:36:48.898741,15.863,135334862,210,405,25,0,0
1774305408.9115434,2026-03-23T23:36:48.911543,15.863,135334862,210,405,25,0,0
1774305408.9245188,2026-03-23T23:36:48.924519,15.863,135334862,210,405,25,0,0
1774305408.9375386,2026-03-23T23:36:48.937539,15.863,135334862,210,405,25,0,0
1774305408.9505067,2026-03-23T23:36:48.950507,15.863,135334862,210,405,25,0,0
1774305408.9633238,2026-03-23T23:36:48.963324,15.863,135336459,210,405,25,0,0
1774305408.9763675,2026-03-23T23:36:48.976367,15.863,135336459,210,405,25,0,0
1774305408.990307,2026-03-23T23:36:48.990307,15.863,135336459,210,405,25,0,0
1774305409.0032136,2026-03-23T23:36:49.003214,15.863,135336459,210,405,25,0,0
1774305409.016052,2026-03-23T23:36:49.016052,15.863,135336459,210,405,25,0,0
1774305409.028994,2026-03-23T23:36:49.028994,15.863,135336459,210,405,25,0,0
1774305409.0419247,2026-03-23T23:36:49.041925,15.863,135336459,210,405,25,0,0
1774305409.0560603,2026-03-23T23:36:49.056060,15.863,135338044,210,405,25,0,0
1774305409.0689304,2026-03-23T23:36:49.068930,15.863,135338044,210,405,25,0,0
1774305409.0818713,2026-03-23T23:36:49.081871,15.863,135338044,210,405,25,0,0
1774305409.0953453,2026-03-23T23:36:49.095345,15.863,135338044,210,405,25,0,0
1774305409.1083324,2026-03-23T23:36:49.108332,15.863,135338044,210,405,25,0,0
1774305409.1212835,2026-03-23T23:36:49.121284,15.863,135338044,210,405,25,0,0
1774305409.134095,2026-03-23T23:36:49.134095,15.863,135338044,210,405,25,0,0
1774305409.1474628,2026-03-23T23:36:49.147463,15.863,135338044,210,405,25,0,0
1774305409.1666565,2026-03-23T23:36:49.166656,15.863,135339635,210,405,25,0,0
1774305409.179846,2026-03-23T23:36:49.179846,15.863,135339635,210,405,25,0,0
1774305409.19671,2026-03-23T23:36:49.196710,15.863,135339635,210,405,25,0,0
1774305409.2094424,2026-03-23T23:36:49.209442,15.863,135339635,210,405,25,0,0
1774305409.2221646,2026-03-23T23:36:49.222165,15.863,135339635,210,405,25,0,0
1774305409.2364655,2026-03-23T23:36:49.236465,15.863,135339635,210,405,25,0,0
1774305409.2505562,2026-03-23T23:36:49.250556,15.863,135341234,210,405,25,0,0
1774305409.26883,2026-03-23T23:36:49.268830,15.863,135341234,210,405,25,0,0
1774305409.284184,2026-03-23T23:36:49.284184,15.863,135341234,210,405,25,0,0
1774305409.2971694,2026-03-23T23:36:49.297169,15.863,135341234,210,405,25,0,0
1774305409.341784,2026-03-23T23:36:49.341784,15.863,135341234,210,405,25,0,0
1774305409.3573072,2026-03-23T23:36:49.357307,15.863,135342879,210,405,25,0,0
1774305409.37176,2026-03-23T23:36:49.371760,15.863,135342879,210,405,25,0,0
1774305409.3851295,2026-03-23T23:36:49.385129,15.863,135342879,210,405,25,0,0
1774305409.4328613,2026-03-23T23:36:49.432861,16.056,135342879,210,405,25,0,0
1774305409.4481502,2026-03-23T23:36:49.448150,16.056,135342879,210,405,25,0,0
1774305409.462216,2026-03-23T23:36:49.462216,16.056,135344457,210,405,25,0,0
1774305409.475075,2026-03-23T23:36:49.475075,16.056,135344457,210,405,25,0,0
1774305409.488411,2026-03-23T23:36:49.488411,16.056,135344457,210,405,25,0,0
1774305409.5064042,2026-03-23T23:36:49.506404,16.049,135344457,210,405,25,0,0
1774305409.5207937,2026-03-23T23:36:49.520794,16.049,135344457,210,405,25,0,0
1774305409.5351448,2026-03-23T23:36:49.535145,16.049,135344457,210,405,25,0,0
1774305409.548233,2026-03-23T23:36:49.548233,16.049,135344457,210,405,25,0,0
1774305409.5612447,2026-03-23T23:36:49.561245,16.049,135346042,210,405,25,0,0
1774305409.5743756,2026-03-23T23:36:49.574376,16.049,135346042,210,405,25,0,0
1774305409.5873332,2026-03-23T23:36:49.587333,16.049,135346042,210,405,25,0,0
1774305409.6079862,2026-03-23T23:36:49.607986,16.038,135346042,210,405,25,0,0
1774305409.6209455,2026-03-23T23:36:49.620945,16.038,135346042,210,405,25,0,0
1774305409.633768,2026-03-23T23:36:49.633768,16.038,135346042,210,405,25,0,0
1774305409.646605,2026-03-23T23:36:49.646605,16.038,135346042,210,405,25,0,0
1774305409.659448,2026-03-23T23:36:49.659448,16.038,135347626,210,405,25,0,0
1774305409.6724641,2026-03-23T23:36:49.672464,16.038,135347626,210,405,25,0,0
1774305409.6852305,2026-03-23T23:36:49.685230,16.038,135347626,210,405,25,0,0
1774305409.698451,2026-03-23T23:36:49.698451,16.033,135347626,210,405,25,0,0
1774305409.7113807,2026-03-23T23:36:49.711381,16.033,135347626,210,405,25,0,0
1774305409.7243197,2026-03-23T23:36:49.724320,16.033,135347626,210,405,25,0,0
1774305409.7372835,2026-03-23T23:36:49.737283,16.033,135347626,210,405,25,0,0
1774305409.7501621,2026-03-23T23:36:49.750162,16.033,135347626,210,405,25,0,0
1774305409.763051,2026-03-23T23:36:49.763051,16.033,135349221,210,405,25,0,0
1774305409.7760677,2026-03-23T23:36:49.776068,16.033,135349221,210,405,25,0,0
1774305409.7889085,2026-03-23T23:36:49.788908,16.033,135349221,210,405,25,0,0
1774305409.801863,2026-03-23T23:36:49.801863,16.029,135349221,210,405,25,0,0
1774305409.8147182,2026-03-23T23:36:49.814718,16.029,135349221,210,405,25,0,0
1774305409.8277068,2026-03-23T23:36:49.827707,16.029,135349221,210,405,25,0,0
1774305409.8406575,2026-03-23T23:36:49.840657,16.029,135349221,210,405,25,0,0
1774305409.85345,2026-03-23T23:36:49.853450,16.029,135350806,210,405,25,0,0
1774305409.8673,2026-03-23T23:36:49.867300,16.029,135350806,210,405,25,0,0
1774305409.880281,2026-03-23T23:36:49.880281,16.029,135350806,210,405,25,0,0
1774305409.8933425,2026-03-23T23:36:49.893342,16.029,135350806,210,405,25,0,0
1774305409.9071949,2026-03-23T23:36:49.907195,16.025,135350806,210,405,25,0,0
1774305409.9229221,2026-03-23T23:36:49.922922,16.025,135350806,210,405,25,0,0
1774305409.9359496,2026-03-23T23:36:49.935950,16.025,135350806,210,405,25,0,0
1774305409.95086,2026-03-23T23:36:49.950860,16.025,135350806,210,405,25,0,0
1774305409.9647756,2026-03-23T23:36:49.964776,16.025,135352410,210,405,25,0,0
1774305409.9779632,2026-03-23T23:36:49.977963,16.025,135352410,210,405,25,0,0
1774305409.9912415,2026-03-23T23:36:49.991241,16.025,135352410,210,405,25,0,0
1774305410.0041635,2026-03-23T23:36:50.004164,16.078,135352410,210,405,25,0,0
1774305410.0175986,2026-03-23T23:36:50.017599,16.078,135352410,210,405,25,0,0
1774305410.0312183,2026-03-23T23:36:50.031218,16.078,135352410,210,405,25,0,0
1774305410.0441396,2026-03-23T23:36:50.044140,16.078,135352410,210,405,25,0,0
1774305410.0569704,2026-03-23T23:36:50.056970,16.078,135353985,210,405,25,0,0
1774305410.0698538,2026-03-23T23:36:50.069854,16.078,135353985,210,405,25,0,0
1774305410.0835707,2026-03-23T23:36:50.083571,16.078,135353985,210,405,25,0,0
1774305410.0964465,2026-03-23T23:36:50.096447,16.078,135353985,210,405,25,0,0
1774305410.109428,2026-03-23T23:36:50.109428,16.068,135353985,210,405,25,0,0
1774305410.1223612,2026-03-23T23:36:50.122361,16.068,135353985,210,405,25,0,0
1774305410.1361866,2026-03-23T23:36:50.136187,16.068,135353985,210,405,25,0,0
1774305410.1491535,2026-03-23T23:36:50.149153,16.068,135353985,210,405,25,0,0
1774305410.1620955,2026-03-23T23:36:50.162096,16.068,135355574,210,405,25,0,0
1774305410.1750913,2026-03-23T23:36:50.175091,16.068,135355574,210,405,25,0,0
1774305410.1880836,2026-03-23T23:36:50.188084,16.068,135355574,210,405,25,0,0
1774305410.2010381,2026-03-23T23:36:50.201038,16.059,135355574,210,405,25,0,0
1774305410.2139955,2026-03-23T23:36:50.213995,16.059,135355574,210,405,25,0,0
1774305410.226834,2026-03-23T23:36:50.226834,16.059,135355574,210,405,25,0,0
1774305410.2396772,2026-03-23T23:36:50.239677,16.059,135355574,210,405,25,0,0
1774305410.2525916,2026-03-23T23:36:50.252592,16.059,135357164,210,405,25,0,0
1774305410.2654722,2026-03-23T23:36:50.265472,16.059,135357164,210,405,25,0,0
1774305410.2784984,2026-03-23T23:36:50.278498,16.059,135357164,210,405,25,0,0
1774305410.2912138,2026-03-23T23:36:50.291214,16.059,135357164,210,405,25,0,0
1774305410.3041384,2026-03-23T23:36:50.304138,16.051,135357164,210,405,25,0,0
1774305410.3170836,2026-03-23T23:36:50.317084,16.051,135357164,210,405,25,0,0
1774305410.3300254,2026-03-23T23:36:50.330025,16.051,135357164,210,405,25,0,0
1774305410.3429203,2026-03-23T23:36:50.342920,16.051,135357164,210,405,25,0,0
1774305410.3557453,2026-03-23T23:36:50.355745,16.051,135358757,210,405,25,0,0
1774305410.3692389,2026-03-23T23:36:50.369239,16.051,135358757,210,405,25,0,0
1774305410.3823302,2026-03-23T23:36:50.382330,16.051,135358757,210,405,25,0,0
1774305410.3952365,2026-03-23T23:36:50.395236,16.051,135358757,210,405,25,0,0
1774305410.4084418,2026-03-23T23:36:50.408442,16.045,135358757,210,405,25,0,0
1774305410.4214013,2026-03-23T23:36:50.421401,16.045,135358757,210,405,25,0,0
1774305410.4349349,2026-03-23T23:36:50.434935,16.045,135358757,210,405,25,0,0
1774305410.4478111,2026-03-23T23:36:50.447811,16.045,135358757,210,405,25,0,0
1774305410.460734,2026-03-23T23:36:50.460734,16.045,135360346,210,405,25,0,0
1774305410.4736648,2026-03-23T23:36:50.473665,16.045,135360346,210,405,25,0,0
1774305410.4866908,2026-03-23T23:36:50.486691,16.045,135360346,210,405,25,0,0
1774305410.502213,2026-03-23T23:36:50.502213,16.045,135360346,210,405,25,0,0
1774305410.5204706,2026-03-23T23:36:50.520471,15.945,135360346,210,405,25,0,0
1774305410.5344343,2026-03-23T23:36:50.534434,15.945,135360346,210,405,25,0,0
1774305410.548677,2026-03-23T23:36:50.548677,15.945,135360346,210,405,25,0,0
1774305410.562899,2026-03-23T23:36:50.562899,15.945,135361937,210,405,25,0,0
1774305410.5785012,2026-03-23T23:36:50.578501,15.945,135361937,210,405,25,0,0
1774305410.5931811,2026-03-23T23:36:50.593181,15.945,135361937,210,405,25,0,0
1774305410.6078696,2026-03-23T23:36:50.607870,15.945,135361937,210,405,25,0,0
1774305410.621589,2026-03-23T23:36:50.621589,15.945,135361937,210,405,25,0,0
1774305410.6361172,2026-03-23T23:36:50.636117,15.945,135361937,210,405,25,0,0
1774305410.6496663,2026-03-23T23:36:50.649666,15.945,135363537,210,405,25,0,0
1774305410.6655934,2026-03-23T23:36:50.665593,15.945,135363537,210,405,25,0,0
1774305410.68199,2026-03-23T23:36:50.681990,15.945,135363537,210,405,25,0,0
1774305410.6955783,2026-03-23T23:36:50.695578,15.945,135363537,210,405,25,0,0
1774305410.7091103,2026-03-23T23:36:50.709110,15.945,135363537,210,405,25,0,0
1774305410.7228706,2026-03-23T23:36:50.722871,15.945,135363537,210,405,25,0,0
1774305410.7373173,2026-03-23T23:36:50.737317,15.945,135363537,210,405,25,0,0
1774305410.7502105,2026-03-23T23:36:50.750211,15.945,135365129,210,405,25,0,0
1774305410.7669303,2026-03-23T23:36:50.766930,15.945,135365129,210,405,25,0,0
1774305410.7809944,2026-03-23T23:36:50.780994,15.945,135365129,210,405,25,0,0
1774305410.7964969,2026-03-23T23:36:50.796497,15.945,135365129,210,405,25,0,0
1774305410.809558,2026-03-23T23:36:50.809558,15.945,135365129,210,405,25,0,0
1774305410.8250842,2026-03-23T23:36:50.825084,15.945,135365129,210,405,25,0,0
1774305410.8511875,2026-03-23T23:36:50.851187,15.945,135366730,210,405,25,0,0
1774305410.8894932,2026-03-23T23:36:50.889493,15.945,135366730,210,405,25,0,0
1774305410.9109607,2026-03-23T23:36:50.910961,15.945,135366730,210,405,25,0,0
1774305410.9286952,2026-03-23T23:36:50.928695,15.945,135366730,210,405,25,0,0
1774305410.9466467,2026-03-23T23:36:50.946647,16.038,135366730,210,405,25,0,0
1774305410.9652576,2026-03-23T23:36:50.965258,16.038,135368349,210,405,25,0,0
1774305410.9790504,2026-03-23T23:36:50.979050,16.038,135368349,210,405,25,0,0
1774305411.0259748,2026-03-23T23:36:51.025975,16.038,135368349,210,405,25,0,0
1774305411.0428193,2026-03-23T23:36:51.042819,16.038,135368349,210,405,25,0,0
1774305411.0579147,2026-03-23T23:36:51.057915,16.038,135369927,210,405,25,0,0
1774305411.0754173,2026-03-23T23:36:51.075417,16.038,135369927,210,405,25,0,0
1774305411.0885549,2026-03-23T23:36:51.088555,16.038,135369927,210,405,25,0,0
1774305411.1062515,2026-03-23T23:36:51.106251,16.038,135369927,210,405,25,0,0
1774305411.1558323,2026-03-23T23:36:51.155832,16.02,135371604,210,405,25,0,0
1774305411.1939163,2026-03-23T23:36:51.193916,16.02,135371604,210,405,25,0,0
1774305411.207053,2026-03-23T23:36:51.207053,16.02,135371604,210,405,25,0,0
1774305411.2206247,2026-03-23T23:36:51.220625,16.02,135371604,210,405,25,0,0
1774305411.2330585,2026-03-23T23:36:51.233058,16.02,135371604,2040,6251,25,0,0
1774305411.2507071,2026-03-23T23:36:51.250707,16.789,135374312,2040,6251,25,0,0
1774305411.2642841,2026-03-23T23:36:51.264284,16.789,135374312,2040,6251,25,0,0
1774305411.2858005,2026-03-23T23:36:51.285800,16.789,135374312,2040,6251,26,0,0
1774305411.3001244,2026-03-23T23:36:51.300124,16.789,135374312,2040,6251,26,0,0
1774305411.3142333,2026-03-23T23:36:51.314233,16.789,135374312,2040,6251,26,0,0
1774305411.3293226,2026-03-23T23:36:51.329323,16.789,135374312,2040,6251,26,0,0
1774305411.3431635,2026-03-23T23:36:51.343163,16.789,135374312,2040,6251,26,0,0
1774305411.3557272,2026-03-23T23:36:51.355727,17.864,135377160,2040,6251,26,0,0
1774305411.3727977,2026-03-23T23:36:51.372798,17.864,135377160,2040,6251,26,0,0
1774305411.3855312,2026-03-23T23:36:51.385531,17.864,135377160,2040,6251,26,0,0
1774305411.4008386,2026-03-23T23:36:51.400839,17.864,135377160,2040,6251,26,0,0
1774305411.4131455,2026-03-23T23:36:51.413146,17.864,135377160,2040,6251,26,0,0
1774305411.4254377,2026-03-23T23:36:51.425438,17.864,135377160,2040,6251,26,0,0
1774305411.4380138,2026-03-23T23:36:51.438014,17.864,135377160,2040,6251,26,0,0
1774305411.4505775,2026-03-23T23:36:51.450577,18.938,135377160,2040,6251,26,0,0
1774305411.4626713,2026-03-23T23:36:51.462671,18.938,135379941,2040,6251,26,0,0
1774305411.4748733,2026-03-23T23:36:51.474873,18.938,135379941,2040,6251,26,1,0
1774305411.4905295,2026-03-23T23:36:51.490530,18.938,135379941,2040,6251,26,1,0
1774305411.5026457,2026-03-23T23:36:51.502646,18.938,135379941,2040,6251,26,1,0
1774305411.5148163,2026-03-23T23:36:51.514816,18.938,135379941,2040,6251,26,1,0
1774305411.5305433,2026-03-23T23:36:51.530543,18.938,135379941,2040,6251,26,1,0
1774305411.542647,2026-03-23T23:36:51.542647,18.938,135379941,2040,6251,26,1,0
1774305411.5549326,2026-03-23T23:36:51.554933,20.005,135382648,2040,6251,26,1,0
1774305411.5730166,2026-03-23T23:36:51.573017,20.005,135382648,2040,6251,26,1,0
1774305411.5859795,2026-03-23T23:36:51.585979,20.005,135382648,2040,6251,26,1,0
1774305411.5982447,2026-03-23T23:36:51.598245,20.005,135382648,2040,6251,26,1,0
1774305411.610531,2026-03-23T23:36:51.610531,20.005,135382648,2040,6251,26,1,0
1774305411.622618,2026-03-23T23:36:51.622618,20.005,135382648,2040,6251,26,1,0
1774305411.6348429,2026-03-23T23:36:51.634843,20.005,135382648,2040,6251,26,1,0
1774305411.6507237,2026-03-23T23:36:51.650724,21.036,135385379,2040,6251,26,1,0
1774305411.6638172,2026-03-23T23:36:51.663817,21.036,135385379,2040,6251,26,1,0
1774305411.6759858,2026-03-23T23:36:51.675986,21.036,135385379,2040,6251,26,0,0
1774305411.6905553,2026-03-23T23:36:51.690555,21.036,135385379,2040,6251,26,0,0
1774305411.702793,2026-03-23T23:36:51.702793,21.036,135385379,2040,6251,26,0,0
1774305411.7154584,2026-03-23T23:36:51.715458,21.036,135385379,2040,6251,26,0,0
1774305411.7318325,2026-03-23T23:36:51.731833,21.036,135385379,2040,6251,26,0,0
1774305411.7439303,2026-03-23T23:36:51.743930,21.036,135385379,2040,6251,26,0,0
1774305411.7562032,2026-03-23T23:36:51.756203,21.611,135388110,2040,6251,26,0,0
1774305411.7727551,2026-03-23T23:36:51.772755,21.611,135388110,2040,6251,26,0,0
1774305411.7848506,2026-03-23T23:36:51.784851,21.611,135388110,2040,6251,26,0,0
1774305411.7974012,2026-03-23T23:36:51.797401,21.611,135388110,2040,6251,26,0,0
1774305411.8104448,2026-03-23T23:36:51.810445,21.611,135388110,2040,6251,26,0,0
1774305411.8226783,2026-03-23T23:36:51.822678,21.611,135388110,2040,6251,26,0,0
1774305411.8365853,2026-03-23T23:36:51.836585,21.611,135388110,2040,6251,26,0,0
1774305411.8505964,2026-03-23T23:36:51.850596,22.048,135388110,2040,6251,26,0,0
1774305411.8626912,2026-03-23T23:36:51.862691,22.048,135390886,2040,6251,26,0,0
1774305411.8760345,2026-03-23T23:36:51.876034,22.048,135390886,2040,6251,26,0,0
1774305411.890471,2026-03-23T23:36:51.890471,22.048,135390886,2040,6251,26,0,0
1774305411.9049528,2026-03-23T23:36:51.904953,22.048,135390886,2040,6251,26,0,0
1774305411.9202113,2026-03-23T23:36:51.920211,22.048,135390886,2040,6251,26,0,0
1774305411.9359028,2026-03-23T23:36:51.935903,22.048,135390886,2040,6251,26,0,0
1774305411.951382,2026-03-23T23:36:51.951382,22.474,135393576,2040,6251,26,0,0
1774305411.9637508,2026-03-23T23:36:51.963751,22.474,135393576,2040,6251,26,0,0
1774305411.976179,2026-03-23T23:36:51.976179,22.474,135393576,2040,6251,26,0,0
1774305411.9904718,2026-03-23T23:36:51.990472,22.474,135393576,2040,6251,26,0,0
1774305412.00268,2026-03-23T23:36:52.002680,22.474,135393576,2040,6251,26,0,0
1774305412.0149987,2026-03-23T23:36:52.014999,22.474,135393576,2040,6251,26,0,0
1774305412.0302832,2026-03-23T23:36:52.030283,22.474,135393576,2040,6251,26,0,0
1774305412.042488,2026-03-23T23:36:52.042488,22.474,135393576,2040,6251,26,0,0
1774305412.057028,2026-03-23T23:36:52.057028,26.143,135396327,2040,6251,26,0,0
1774305412.0707788,2026-03-23T23:36:52.070779,26.143,135396327,2040,6251,26,1,0
1774305412.0835135,2026-03-23T23:36:52.083513,26.143,135396327,2040,6251,26,1,0
1774305412.0958292,2026-03-23T23:36:52.095829,26.143,135396327,2040,6251,26,1,0
1774305412.1103125,2026-03-23T23:36:52.110312,26.143,135396327,2040,6251,26,1,0
1774305412.1245492,2026-03-23T23:36:52.124549,26.143,135396327,2040,6251,26,1,0
1774305412.1383276,2026-03-23T23:36:52.138328,26.143,135396327,2040,6251,26,1,0
1774305412.1505904,2026-03-23T23:36:52.150590,26.259,135399067,2040,6251,26,1,0
1774305412.1636734,2026-03-23T23:36:52.163673,26.259,135399067,2040,6251,26,1,0
1774305412.1758955,2026-03-23T23:36:52.175895,26.259,135399067,2040,6251,26,1,0
1774305412.1904473,2026-03-23T23:36:52.190447,26.259,135399067,2040,6251,26,1,0
1774305412.2027538,2026-03-23T23:36:52.202754,26.259,135399067,2040,6251,26,1,0
1774305412.215042,2026-03-23T23:36:52.215042,26.259,135399067,2040,6251,26,1,0
1774305412.230892,2026-03-23T23:36:52.230892,26.259,135399067,2040,6251,26,1,0
1774305412.2449179,2026-03-23T23:36:52.244918,26.259,135399067,2040,6251,26,1,0
1774305412.257476,2026-03-23T23:36:52.257476,27.639,135401884,2040,6251,26,1,0
1774305412.2704074,2026-03-23T23:36:52.270407,27.639,135401884,2040,6251,26,18,1
1774305412.2827947,2026-03-23T23:36:52.282795,27.639,135401884,2040,6251,26,18,1
1774305412.2955012,2026-03-23T23:36:52.295501,27.639,135401884,2040,6251,26,18,1
1774305412.3105192,2026-03-23T23:36:52.310519,27.639,135401884,2040,6251,26,18,1
1774305412.3253078,2026-03-23T23:36:52.325308,27.639,135401884,2040,6251,26,18,1
1774305412.3378804,2026-03-23T23:36:52.337880,27.639,135401884,2040,6251,26,18,1
1774305412.350908,2026-03-23T23:36:52.350908,27.794,135404866,2040,6251,26,18,1
1774305412.3651607,2026-03-23T23:36:52.365161,27.794,135404866,2040,6251,26,18,1
1774305412.3775344,2026-03-23T23:36:52.377534,27.794,135404866,2040,6251,26,18,1
1774305412.3903658,2026-03-23T23:36:52.390366,27.794,135404866,2040,6251,26,18,1
1774305412.4025016,2026-03-23T23:36:52.402502,27.794,135404866,2040,6251,26,18,1
1774305412.4147363,2026-03-23T23:36:52.414736,27.794,135404866,2040,6251,26,18,1
1774305412.4303086,2026-03-23T23:36:52.430309,27.794,135404866,2040,6251,26,18,1
1774305412.442408,2026-03-23T23:36:52.442408,27.794,135404866,2040,6251,26,18,1
1774305412.4546413,2026-03-23T23:36:52.454641,27.842,135407603,2040,6251,26,18,1
1774305412.4703412,2026-03-23T23:36:52.470341,27.842,135407603,2040,6251,26,18,1
1774305412.482473,2026-03-23T23:36:52.482473,27.842,135407603,2040,6251,26,0,0
1774305412.4947066,2026-03-23T23:36:52.494707,27.842,135407603,2040,6251,26,0,0
1774305412.5102425,2026-03-23T23:36:52.510242,27.842,135407603,2040,6251,26,0,0
1774305412.5223677,2026-03-23T23:36:52.522368,27.842,135407603,2040,6251,26,0,0
1774305412.5346313,2026-03-23T23:36:52.534631,27.842,135407603,2040,6251,26,0,0
1774305412.5502322,2026-03-23T23:36:52.550232,27.842,135407603,2040,6251,26,0,0
1774305412.562298,2026-03-23T23:36:52.562298,27.795,135410363,2040,6251,26,0,0
1774305412.574506,2026-03-23T23:36:52.574506,27.795,135410363,2040,6251,26,0,0
1774305412.5902305,2026-03-23T23:36:52.590230,27.795,135410363,2040,6251,26,0,0
1774305412.6024373,2026-03-23T23:36:52.602437,27.795,135410363,2040,6251,26,0,0
1774305412.6147363,2026-03-23T23:36:52.614736,27.795,135410363,2040,6251,26,0,0
1774305412.630342,2026-03-23T23:36:52.630342,27.795,135410363,2040,6251,26,0,0
1774305412.6425123,2026-03-23T23:36:52.642512,27.795,135410363,2040,6251,26,0,0
1774305412.654973,2026-03-23T23:36:52.654973,27.804,135413071,2040,6251,26,0,0
1774305412.6703446,2026-03-23T23:36:52.670345,27.804,135413071,2040,6251,26,0,0
1774305412.6824865,2026-03-23T23:36:52.682487,27.804,135413071,2040,6251,26,0,0
1774305412.6952088,2026-03-23T23:36:52.695209,27.804,135413071,2040,6251,26,0,0
1774305412.7103763,2026-03-23T23:36:52.710376,27.804,135413071,2040,6251,26,0,0
1774305412.7226973,2026-03-23T23:36:52.722697,27.804,135413071,2040,6251,26,0,0
1774305412.7352977,2026-03-23T23:36:52.735298,27.804,135413071,2040,6251,26,0,0
1774305412.7503421,2026-03-23T23:36:52.750342,27.804,135415961,2040,6251,26,0,0
1774305412.7636716,2026-03-23T23:36:52.763672,27.804,135415961,2040,6251,26,0,0
1774305412.7762992,2026-03-23T23:36:52.776299,27.804,135415961,2040,6251,26,0,0
1774305412.7904081,2026-03-23T23:36:52.790408,27.804,135415961,2040,6251,26,0,0
1774305412.8027718,2026-03-23T23:36:52.802772,27.804,135415961,2040,6251,26,0,0
1774305412.815307,2026-03-23T23:36:52.815307,27.804,135415961,2040,6251,26,0,0
1774305412.8302267,2026-03-23T23:36:52.830227,27.804,135415961,2040,6251,26,0,0
1774305412.8423834,2026-03-23T23:36:52.842383,27.804,135415961,2040,6251,26,0,0
1774305412.8546457,2026-03-23T23:36:52.854646,28.017,135418843,2040,6251,26,0,0
1774305412.870715,2026-03-23T23:36:52.870715,28.017,135418843,2040,6251,26,0,0
1774305412.8829763,2026-03-23T23:36:52.882976,28.017,135418843,2040,6251,26,4,0
1774305412.895565,2026-03-23T23:36:52.895565,28.017,135418843,2040,6251,26,4,0
1774305412.91031,2026-03-23T23:36:52.910310,28.017,135418843,2040,6251,26,4,0
1774305412.9226236,2026-03-23T23:36:52.922624,28.017,135418843,2040,6251,26,4,0
1774305412.9349544,2026-03-23T23:36:52.934954,28.017,135418843,2040,6251,26,4,0
1774305412.9506164,2026-03-23T23:36:52.950616,28.017,135421589,2040,6251,26,4,0
1774305412.9634147,2026-03-23T23:36:52.963415,27.971,135421589,2040,6251,26,4,0
1774305412.9757273,2026-03-23T23:36:52.975727,27.971,135421589,2040,6251,26,4,0
1774305412.990175,2026-03-23T23:36:52.990175,27.971,135421589,2040,6251,26,4,0
1774305413.0025003,2026-03-23T23:36:53.002500,27.971,135421589,2040,6251,26,4,0
1774305413.0147955,2026-03-23T23:36:53.014796,27.971,135421589,2040,6251,26,4,0
1774305413.0300844,2026-03-23T23:36:53.030084,27.971,135421589,2040,6251,26,4,0
1774305413.042211,2026-03-23T23:36:53.042211,27.971,135421589,2040,6251,26,4,0
1774305413.0545278,2026-03-23T23:36:53.054528,27.945,135424326,2040,6251,26,4,0
1774305413.0707083,2026-03-23T23:36:53.070708,27.945,135424326,2040,6251,26,4,0
1774305413.0828738,2026-03-23T23:36:53.082874,27.945,135424326,2040,6251,26,0,0
1774305413.095149,2026-03-23T23:36:53.095149,27.945,135424326,2040,6251,26,0,0
1774305413.1100428,2026-03-23T23:36:53.110043,27.945,135424326,2040,6251,26,0,0
1774305413.1221504,2026-03-23T23:36:53.122150,27.945,135424326,2040,6251,26,0,0
1774305413.134465,2026-03-23T23:36:53.134465,27.945,135424326,2040,6251,26,0,0
1774305413.1500862,2026-03-23T23:36:53.150086,27.945,135424326,2040,6251,26,0,0
1774305413.1622474,2026-03-23T23:36:53.162247,27.945,135427107,2040,6251,26,0,0
1774305413.174708,2026-03-23T23:36:53.174708,27.945,135427107,2040,6251,26,0,0
1774305413.1903281,2026-03-23T23:36:53.190328,27.945,135427107,2040,6251,26,0,0
1774305413.2024739,2026-03-23T23:36:53.202474,27.945,135427107,2040,6251,26,0,0
1774305413.2149584,2026-03-23T23:36:53.214958,27.945,135427107,2040,6251,26,0,0
1774305413.2305634,2026-03-23T23:36:53.230563,27.945,135427107,2040,6251,26,0,0
1774305413.242929,2026-03-23T23:36:53.242929,27.945,135427107,2040,6251,26,0,0
1774305413.2552025,2026-03-23T23:36:53.255203,27.989,135429870,2040,6251,26,0,0
1774305413.2702649,2026-03-23T23:36:53.270265,27.989,135429870,2040,6251,26,0,0
1774305413.2825775,2026-03-23T23:36:53.282578,27.989,135429870,2040,6251,26,11,0
1774305413.2949274,2026-03-23T23:36:53.294927,27.989,135429870,2040,6251,26,11,0
1774305413.3098874,2026-03-23T23:36:53.309887,27.989,135429870,2040,6251,26,11,0
1774305413.322,2026-03-23T23:36:53.322000,27.989,135429870,2040,6251,26,11,0
1774305413.334331,2026-03-23T23:36:53.334331,27.989,135429870,2040,6251,26,11,0
1774305413.349917,2026-03-23T23:36:53.349917,27.989,135429870,2040,6251,26,11,0
1774305413.3620214,2026-03-23T23:36:53.362021,27.839,135432636,2040,6251,26,11,0
1774305413.374306,2026-03-23T23:36:53.374306,27.839,135432636,2040,6251,26,11,0
1774305413.3899436,2026-03-23T23:36:53.389944,27.839,135432636,2040,6251,26,11,0
1774305413.4020936,2026-03-23T23:36:53.402094,27.839,135432636,2040,6251,26,11,0
1774305413.4147055,2026-03-23T23:36:53.414706,27.839,135432636,2040,6251,26,11,0
1774305413.429981,2026-03-23T23:36:53.429981,27.839,135432636,2040,6251,26,11,0
1774305413.4420743,2026-03-23T23:36:53.442074,27.839,135432636,2040,6251,26,11,0
1774305413.454311,2026-03-23T23:36:53.454311,27.777,135435367,2040,6251,26,11,0
1774305413.4702315,2026-03-23T23:36:53.470232,27.777,135435367,2040,6251,26,11,0
1774305413.4823742,2026-03-23T23:36:53.482374,27.777,135435367,2040,6251,26,2,0
1774305413.4946253,2026-03-23T23:36:53.494625,27.777,135435367,2040,6251,26,2,0
1774305413.509798,2026-03-23T23:36:53.509798,27.777,135435367,2040,6251,26,2,0
1774305413.5219083,2026-03-23T23:36:53.521908,27.777,135435367,2040,6251,26,2,0
1774305413.5341558,2026-03-23T23:36:53.534156,27.777,135435367,2040,6251,26,2,0
1774305413.5499005,2026-03-23T23:36:53.549901,27.777,135435367,2040,6251,26,2,0
1774305413.5620122,2026-03-23T23:36:53.562012,27.821,135438137,2040,6251,26,2,0
1774305413.574241,2026-03-23T23:36:53.574241,27.821,135438137,2040,6251,26,2,0
1774305413.5897791,2026-03-23T23:36:53.589779,27.821,135438137,2040,6251,26,2,0
1774305413.6020117,2026-03-23T23:36:53.602012,27.821,135438137,2040,6251,26,2,0
1774305413.6143143,2026-03-23T23:36:53.614314,27.821,135438137,2040,6251,26,2,0
1774305413.629913,2026-03-23T23:36:53.629913,27.821,135438137,2040,6251,26,2,0
1774305413.6423352,2026-03-23T23:36:53.642335,27.821,135438137,2040,6251,27,2,0
1774305413.6548615,2026-03-23T23:36:53.654861,28.611,135440999,2040,6251,27,2,0
1774305413.670179,2026-03-23T23:36:53.670179,28.611,135440999,2040,6251,27,2,0
1774305413.6823823,2026-03-23T23:36:53.682382,28.611,135440999,2040,6251,27,26,1
1774305413.6947346,2026-03-23T23:36:53.694735,28.611,135440999,2040,6251,27,26,1
1774305413.7097807,2026-03-23T23:36:53.709781,28.611,135440999,2040,6251,27,26,1
1774305413.722558,2026-03-23T23:36:53.722558,28.611,135440999,2040,6251,26,26,1
1774305413.7348394,2026-03-23T23:36:53.734839,28.611,135440999,2040,6251,27,26,1
1774305413.7500823,2026-03-23T23:36:53.750082,28.611,135443894,2040,6251,26,26,1
1774305413.7631857,2026-03-23T23:36:53.763186,28.743,135443894,2040,6251,26,26,1
1774305413.775637,2026-03-23T23:36:53.775637,28.743,135443894,2040,6251,26,26,1
1774305413.7898,2026-03-23T23:36:53.789800,28.743,135443894,2040,6251,26,26,1
1774305413.8019495,2026-03-23T23:36:53.801950,28.743,135443894,2040,6251,26,26,1
1774305413.8146548,2026-03-23T23:36:53.814655,28.743,135443894,2040,6251,27,26,1
1774305413.8299696,2026-03-23T23:36:53.829970,28.743,135443894,2040,6251,26,26,1
1774305413.8420908,2026-03-23T23:36:53.842091,28.743,135443894,2040,6251,26,26,1
1774305413.854313,2026-03-23T23:36:53.854313,28.567,135446762,2040,6251,26,26,1
1774305413.8699799,2026-03-23T23:36:53.869980,28.567,135446762,2040,6251,26,26,1
1774305413.8820832,2026-03-23T23:36:53.882083,28.567,135446762,2040,6251,26,15,3
1774305413.894559,2026-03-23T23:36:53.894559,28.567,135446762,2040,6251,26,15,3
1774305413.9097571,2026-03-23T23:36:53.909757,28.567,135446762,2040,6251,26,15,3
1774305413.92186,2026-03-23T23:36:53.921860,28.567,135446762,2040,6251,26,15,3
1774305413.934124,2026-03-23T23:36:53.934124,28.567,135446762,2040,6251,26,15,3
1774305413.9497538,2026-03-23T23:36:53.949754,28.567,135446762,2040,6251,26,15,3
1774305413.9620764,2026-03-23T23:36:53.962076,28.585,135449528,2040,6251,26,15,3
1774305413.9743035,2026-03-23T23:36:53.974303,28.585,135449528,2040,6251,26,15,3
1774305413.9897249,2026-03-23T23:36:53.989725,28.585,135449528,2040,6251,26,15,3
1774305414.001987,2026-03-23T23:36:54.001987,28.585,135449528,2040,6251,26,15,3
1774305414.0142744,2026-03-23T23:36:54.014274,28.585,135449528,2040,6251,26,15,3
1774305414.0299644,2026-03-23T23:36:54.029964,28.585,135449528,2040,6251,26,15,3
1774305414.042083,2026-03-23T23:36:54.042083,28.585,135449528,2040,6251,26,15,3
1774305414.0543065,2026-03-23T23:36:54.054307,28.55,135452240,2040,6251,26,15,3
1774305414.069837,2026-03-23T23:36:54.069837,28.55,135452240,2040,6251,26,15,3
1774305414.0819008,2026-03-23T23:36:54.081901,28.55,135452240,2040,6251,26,0,0
1774305414.0941315,2026-03-23T23:36:54.094131,28.55,135452240,2040,6251,26,0,0
1774305414.1097538,2026-03-23T23:36:54.109754,28.55,135452240,2040,6251,26,0,0
1774305414.123828,2026-03-23T23:36:54.123828,28.55,135452240,2040,6251,27,0,0
1774305414.1436286,2026-03-23T23:36:54.143629,28.55,135452240,2040,6251,27,0,0
1774305414.1620383,2026-03-23T23:36:54.162038,28.663,135455025,2040,6251,26,0,0
1774305414.225571,2026-03-23T23:36:54.225571,28.663,135455025,2040,6251,27,0,0
1774305414.2384126,2026-03-23T23:36:54.238413,28.663,135455025,2040,6251,27,0,0
1774305414.2507932,2026-03-23T23:36:54.250793,28.663,135457779,2040,6251,27,0,0
1774305414.2630465,2026-03-23T23:36:54.263047,28.768,135457779,2040,6251,27,0,0
1774305414.3149977,2026-03-23T23:36:54.314998,28.768,135457779,2040,6251,27,0,0
1774305414.3312275,2026-03-23T23:36:54.331228,28.768,135457779,2040,6251,27,0,0
1774305414.3440425,2026-03-23T23:36:54.344043,28.768,135457779,2040,6251,27,0,0
--- END PROFILER DATA GPU 0 ---
--- BEGIN PROFILER DATA GPU 1 ---
timestamp,datetime,power_w,total_energy_mj,gpu_freq_mhz,mem_freq_mhz,temperature_c,gpu_util_pct,mem_util_pct
1774305408.0016654,2026-03-23T23:36:48.001665,16.547,141551114,210,405,23,0,0
1774305408.0258043,2026-03-23T23:36:48.025804,16.547,141551114,210,405,23,0,0
1774305408.0394971,2026-03-23T23:36:48.039497,16.547,141551114,210,405,23,0,0
1774305408.0525997,2026-03-23T23:36:48.052600,16.547,141551114,210,405,23,0,0
1774305408.0656917,2026-03-23T23:36:48.065692,16.547,141551114,210,405,23,0,0
1774305408.0787678,2026-03-23T23:36:48.078768,16.547,141552764,210,405,23,0,0
1774305408.0918462,2026-03-23T23:36:48.091846,16.547,141552764,210,405,23,0,0
1774305408.1049306,2026-03-23T23:36:48.104931,16.547,141552764,210,405,23,0,0
1774305408.1179872,2026-03-23T23:36:48.117987,16.547,141552764,210,405,23,0,0
1774305408.1310637,2026-03-23T23:36:48.131064,16.547,141552764,210,405,23,0,0
1774305408.1443136,2026-03-23T23:36:48.144314,16.547,141552764,210,405,23,0,0
1774305408.1573546,2026-03-23T23:36:48.157355,16.547,141552764,210,405,23,0,0
1774305408.1704423,2026-03-23T23:36:48.170442,16.547,141554417,210,405,23,0,0
1774305408.1840413,2026-03-23T23:36:48.184041,16.547,141554417,210,405,23,0,0
1774305408.1972437,2026-03-23T23:36:48.197244,16.547,141554417,210,405,23,0,0
1774305408.2103472,2026-03-23T23:36:48.210347,16.547,141554417,210,405,23,0,0
1774305408.2234418,2026-03-23T23:36:48.223442,16.547,141554417,210,405,23,0,0
1774305408.2364945,2026-03-23T23:36:48.236495,16.547,141554417,210,405,23,0,0
1774305408.2496152,2026-03-23T23:36:48.249615,16.547,141554417,210,405,23,0,0
1774305408.262711,2026-03-23T23:36:48.262711,16.547,141554417,210,405,23,0,0
1774305408.2757974,2026-03-23T23:36:48.275797,16.547,141556068,210,405,23,0,0
1774305408.2889009,2026-03-23T23:36:48.288901,16.547,141556068,210,405,23,0,0
1774305408.3019736,2026-03-23T23:36:48.301974,16.547,141556068,210,405,23,0,0
1774305408.3150177,2026-03-23T23:36:48.315018,16.547,141556068,210,405,23,0,0
1774305408.3280783,2026-03-23T23:36:48.328078,16.547,141556068,210,405,23,0,0
1774305408.3416445,2026-03-23T23:36:48.341645,16.547,141556068,210,405,23,0,0
1774305408.35474,2026-03-23T23:36:48.354740,16.547,141556068,210,405,23,0,0
1774305408.3678098,2026-03-23T23:36:48.367810,16.547,141556068,210,405,23,0,0
1774305408.3808753,2026-03-23T23:36:48.380875,16.547,141557719,210,405,23,0,0
1774305408.3940742,2026-03-23T23:36:48.394074,16.547,141557719,210,405,23,0,0
1774305408.4070785,2026-03-23T23:36:48.407079,16.547,141557719,210,405,23,0,0
1774305408.4203017,2026-03-23T23:36:48.420302,16.547,141557719,210,405,23,0,0
1774305408.4333692,2026-03-23T23:36:48.433369,16.547,141557719,210,405,23,0,0
1774305408.4464905,2026-03-23T23:36:48.446491,16.547,141557719,210,405,23,0,0
1774305408.4595482,2026-03-23T23:36:48.459548,16.547,141557719,210,405,23,0,0
1774305408.4726307,2026-03-23T23:36:48.472631,16.547,141559369,210,405,23,0,0
1774305408.4857802,2026-03-23T23:36:48.485780,16.547,141559369,210,405,23,0,0
1774305408.4988334,2026-03-23T23:36:48.498833,16.547,141559369,210,405,23,0,0
1774305408.5118818,2026-03-23T23:36:48.511882,16.547,141559369,210,405,23,0,0
1774305408.5249574,2026-03-23T23:36:48.524957,16.547,141559369,210,405,23,0,0
1774305408.5380344,2026-03-23T23:36:48.538034,16.547,141559369,210,405,23,0,0
1774305408.551285,2026-03-23T23:36:48.551285,16.547,141559369,210,405,23,0,0
1774305408.5645108,2026-03-23T23:36:48.564511,16.547,141559369,210,405,23,0,0
1774305408.577592,2026-03-23T23:36:48.577592,16.547,141561020,210,405,23,0,0
1774305408.5908287,2026-03-23T23:36:48.590829,16.547,141561020,210,405,23,0,0
1774305408.6038008,2026-03-23T23:36:48.603801,16.547,141561020,210,405,23,0,0
1774305408.61687,2026-03-23T23:36:48.616870,16.547,141561020,210,405,23,0,0
1774305408.6315765,2026-03-23T23:36:48.631577,16.547,141561020,210,405,23,0,0
1774305408.6451862,2026-03-23T23:36:48.645186,16.547,141561020,210,405,23,0,0
1774305408.6580637,2026-03-23T23:36:48.658064,16.547,141561020,210,405,23,0,0
1774305408.6709971,2026-03-23T23:36:48.670997,16.547,141562670,210,405,23,0,0
1774305408.6839,2026-03-23T23:36:48.683900,16.547,141562670,210,405,23,0,0
1774305408.6969662,2026-03-23T23:36:48.696966,16.547,141562670,210,405,23,0,0
1774305408.7098968,2026-03-23T23:36:48.709897,16.547,141562670,210,405,23,0,0
1774305408.7227883,2026-03-23T23:36:48.722788,16.547,141562670,210,405,23,0,0
1774305408.7356985,2026-03-23T23:36:48.735698,16.547,141562670,210,405,23,0,0
1774305408.7487037,2026-03-23T23:36:48.748704,16.547,141562670,210,405,23,0,0
1774305408.7615955,2026-03-23T23:36:48.761595,16.547,141562670,210,405,23,0,0
1774305408.7744927,2026-03-23T23:36:48.774493,16.547,141564320,210,405,23,0,0
1774305408.7878337,2026-03-23T23:36:48.787834,16.547,141564320,210,405,23,0,0
1774305408.8007555,2026-03-23T23:36:48.800756,16.547,141564320,210,405,23,0,0
1774305408.813641,2026-03-23T23:36:48.813641,16.547,141564320,210,405,23,0,0
1774305408.8265088,2026-03-23T23:36:48.826509,16.547,141564320,210,405,23,0,0
1774305408.8394153,2026-03-23T23:36:48.839415,16.547,141564320,210,405,23,0,0
1774305408.8523421,2026-03-23T23:36:48.852342,16.547,141564320,210,405,23,0,0
1774305408.8652241,2026-03-23T23:36:48.865224,16.547,141564320,210,405,23,0,0
1774305408.8781374,2026-03-23T23:36:48.878137,16.547,141565971,210,405,23,0,0
1774305408.8911316,2026-03-23T23:36:48.891132,16.547,141565971,210,405,23,0,0
1774305408.904054,2026-03-23T23:36:48.904054,16.547,141565971,210,405,23,0,0
1774305408.917084,2026-03-23T23:36:48.917084,16.547,141565971,210,405,23,0,0
1774305408.930056,2026-03-23T23:36:48.930056,16.547,141565971,210,405,23,0,0
1774305408.9430974,2026-03-23T23:36:48.943097,16.547,141565971,210,405,23,0,0
1774305408.956173,2026-03-23T23:36:48.956173,16.547,141565971,210,405,23,0,0
1774305408.9691098,2026-03-23T23:36:48.969110,16.547,141565971,210,405,23,0,0
1774305408.987304,2026-03-23T23:36:48.987304,16.547,141567630,210,405,23,0,0
1774305409.0014033,2026-03-23T23:36:49.001403,16.547,141567630,210,405,23,0,0
1774305409.014325,2026-03-23T23:36:49.014325,16.547,141567630,210,405,23,0,0
1774305409.0273135,2026-03-23T23:36:49.027313,16.547,141567630,210,405,23,0,0
1774305409.0402186,2026-03-23T23:36:49.040219,16.547,141567630,210,405,23,0,0
1774305409.0531714,2026-03-23T23:36:49.053171,16.547,141567630,210,405,23,0,0
1774305409.0661023,2026-03-23T23:36:49.066102,16.547,141567630,210,405,23,0,0
1774305409.0790093,2026-03-23T23:36:49.079009,16.547,141569270,210,405,23,0,0
1774305409.0919592,2026-03-23T23:36:49.091959,16.547,141569270,210,405,23,0,0
1774305409.1053903,2026-03-23T23:36:49.105390,16.547,141569270,210,405,23,0,0
1774305409.118366,2026-03-23T23:36:49.118366,16.547,141569270,210,405,23,0,0
1774305409.1312556,2026-03-23T23:36:49.131256,16.547,141569270,210,405,23,0,0
1774305409.1479547,2026-03-23T23:36:49.147955,16.547,141569270,210,405,23,0,0
1774305409.168594,2026-03-23T23:36:49.168594,16.547,141569270,210,405,23,0,0
1774305409.182838,2026-03-23T23:36:49.182838,16.547,141570937,210,405,23,0,0
1774305409.1979833,2026-03-23T23:36:49.197983,16.547,141570937,210,405,23,0,0
1774305409.2129803,2026-03-23T23:36:49.212980,16.547,141570937,210,405,23,0,0
1774305409.2258303,2026-03-23T23:36:49.225830,16.547,141570937,210,405,23,0,0
1774305409.2397594,2026-03-23T23:36:49.239759,16.547,141570937,210,405,23,0,0
1774305409.2529707,2026-03-23T23:36:49.252971,16.547,141570937,210,405,23,0,0
1774305409.2711937,2026-03-23T23:36:49.271194,16.547,141572574,210,405,23,0,0
1774305409.2840438,2026-03-23T23:36:49.284044,16.547,141572574,210,405,23,0,0
1774305409.2972019,2026-03-23T23:36:49.297202,16.547,141572574,210,405,23,0,0
1774305409.3419614,2026-03-23T23:36:49.341961,16.547,141572574,210,405,23,0,0
1774305409.357396,2026-03-23T23:36:49.357396,16.547,141572574,210,405,23,0,0
1774305409.371718,2026-03-23T23:36:49.371718,16.547,141574227,210,405,23,0,0
1774305409.3850932,2026-03-23T23:36:49.385093,16.547,141574227,210,405,23,0,0
1774305409.432487,2026-03-23T23:36:49.432487,16.547,141574227,210,405,23,0,0
1774305409.4480236,2026-03-23T23:36:49.448024,16.547,141574227,210,405,23,0,0
1774305409.4620178,2026-03-23T23:36:49.462018,16.547,141574227,210,405,23,0,0
1774305409.4749038,2026-03-23T23:36:49.474904,16.547,141575927,210,405,23,0,0
1774305409.4884481,2026-03-23T23:36:49.488448,16.547,141575927,210,405,23,0,0
1774305409.501266,2026-03-23T23:36:49.501266,16.653,141575927,210,405,23,0,0
1774305409.5150075,2026-03-23T23:36:49.515007,16.653,141575927,210,405,23,0,0
1774305409.5297096,2026-03-23T23:36:49.529710,16.653,141575927,210,405,23,0,0
1774305409.5429566,2026-03-23T23:36:49.542957,16.653,141575927,210,405,23,0,0
1774305409.55604,2026-03-23T23:36:49.556040,16.653,141575927,210,405,23,0,0
1774305409.5689583,2026-03-23T23:36:49.568958,16.653,141575927,210,405,23,0,0
1774305409.5819907,2026-03-23T23:36:49.581991,16.653,141577593,210,405,23,0,0
1774305409.5979779,2026-03-23T23:36:49.597978,16.653,141577593,210,405,24,0,0
1774305409.6108959,2026-03-23T23:36:49.610896,16.647,141577593,210,405,24,0,0
1774305409.623757,2026-03-23T23:36:49.623757,16.647,141577593,210,405,24,0,0
1774305409.6367507,2026-03-23T23:36:49.636751,16.647,141577593,210,405,24,0,0
1774305409.6502266,2026-03-23T23:36:49.650227,16.647,141577593,210,405,24,0,0
1774305409.6630843,2026-03-23T23:36:49.663084,16.647,141577593,210,405,24,0,0
1774305409.676152,2026-03-23T23:36:49.676152,16.647,141579581,210,405,24,0,0
1774305409.6905105,2026-03-23T23:36:49.690511,16.647,141579581,900,6251,24,0,0
1774305409.70339,2026-03-23T23:36:49.703390,16.89,141579581,900,6251,24,0,0
1774305409.7166512,2026-03-23T23:36:49.716651,16.89,141579581,900,6251,24,0,0
1774305409.7302845,2026-03-23T23:36:49.730284,16.89,141579581,900,6251,24,0,0
1774305409.743108,2026-03-23T23:36:49.743108,16.89,141579581,900,6251,24,0,0
1774305409.7564266,2026-03-23T23:36:49.756427,16.89,141579581,900,6251,24,0,0
1774305409.77018,2026-03-23T23:36:49.770180,16.89,141581673,900,6251,24,0,0
1774305409.7834542,2026-03-23T23:36:49.783454,16.89,141581673,900,6251,24,0,0
1774305409.7965705,2026-03-23T23:36:49.796571,16.89,141581673,900,6251,24,0,0
1774305409.8101845,2026-03-23T23:36:49.810184,17.108,141581673,900,6251,24,0,0
1774305409.8230863,2026-03-23T23:36:49.823086,17.108,141581673,900,6251,24,0,0
1774305409.8361688,2026-03-23T23:36:49.836169,17.108,141581673,900,6251,24,0,0
1774305409.8501801,2026-03-23T23:36:49.850180,17.108,141581673,900,6251,24,0,0
1774305409.8632772,2026-03-23T23:36:49.863277,17.108,141581673,900,6251,24,0,0
1774305409.8767686,2026-03-23T23:36:49.876769,17.108,141583761,900,6251,24,0,0
1774305409.8905072,2026-03-23T23:36:49.890507,17.108,141583761,870,6251,24,0,0
1774305409.903828,2026-03-23T23:36:49.903828,17.303,141583761,870,6251,24,0,0
1774305409.9175494,2026-03-23T23:36:49.917549,17.303,141583761,870,6251,24,0,0
1774305409.9367828,2026-03-23T23:36:49.936783,17.303,141583761,870,6251,24,0,0
1774305409.950255,2026-03-23T23:36:49.950255,17.303,141583761,870,6251,24,0,0
1774305409.9631605,2026-03-23T23:36:49.963161,17.303,141583761,870,6251,24,0,0
1774305409.9783802,2026-03-23T23:36:49.978380,17.303,141585843,870,6251,24,0,0
1774305409.9945889,2026-03-23T23:36:49.994589,17.303,141585843,870,6251,24,0,0
1774305410.0118742,2026-03-23T23:36:50.011874,18.328,141585843,870,6251,24,0,0
1774305410.0256326,2026-03-23T23:36:50.025633,18.328,141585843,870,6251,24,0,0
1774305410.0387106,2026-03-23T23:36:50.038711,18.328,141585843,870,6251,24,0,0
1774305410.0517607,2026-03-23T23:36:50.051761,18.328,141585843,870,6251,24,0,0
1774305410.0646691,2026-03-23T23:36:50.064669,18.328,141585843,870,6251,24,0,0
1774305410.077807,2026-03-23T23:36:50.077807,18.328,141587581,870,6251,24,0,0
1774305410.0914724,2026-03-23T23:36:50.091472,18.328,141587581,210,405,24,0,0
1774305410.104383,2026-03-23T23:36:50.104383,18.328,141587581,210,405,24,0,0
1774305410.1173768,2026-03-23T23:36:50.117377,18.187,141587581,210,405,24,0,0
1774305410.131121,2026-03-23T23:36:50.131121,18.187,141587581,210,405,24,0,0
1774305410.1441638,2026-03-23T23:36:50.144164,18.187,141587581,210,405,24,0,0
1774305410.1570609,2026-03-23T23:36:50.157061,18.187,141587581,210,405,24,0,0
1774305410.169909,2026-03-23T23:36:50.169909,18.187,141589231,210,405,24,0,0
1774305410.1837125,2026-03-23T23:36:50.183712,18.187,141589231,210,405,24,0,0
1774305410.1969903,2026-03-23T23:36:50.196990,18.187,141589231,210,405,24,0,0
1774305410.2098832,2026-03-23T23:36:50.209883,18.06,141589231,210,405,24,0,0
1774305410.2229195,2026-03-23T23:36:50.222919,18.06,141589231,210,405,24,0,0
1774305410.2365038,2026-03-23T23:36:50.236504,18.06,141589231,210,405,24,0,0
1774305410.2497106,2026-03-23T23:36:50.249711,18.06,141589231,210,405,24,0,0
1774305410.2625227,2026-03-23T23:36:50.262523,18.06,141589231,210,405,24,0,0
1774305410.2754068,2026-03-23T23:36:50.275407,18.06,141590881,210,405,24,0,0
1774305410.2883,2026-03-23T23:36:50.288300,18.06,141590881,210,405,24,0,0
1774305410.3011916,2026-03-23T23:36:50.301192,18.06,141590881,210,405,24,0,0
1774305410.3140862,2026-03-23T23:36:50.314086,17.952,141590881,210,405,24,0,0
1774305410.327135,2026-03-23T23:36:50.327135,17.952,141590881,210,405,24,0,0
1774305410.339995,2026-03-23T23:36:50.339995,17.952,141590881,210,405,24,0,0
1774305410.3528838,2026-03-23T23:36:50.352884,17.952,141590881,210,405,24,0,0
1774305410.365798,2026-03-23T23:36:50.365798,17.952,141590881,210,405,24,0,0
1774305410.3792734,2026-03-23T23:36:50.379273,17.952,141592528,210,405,24,0,0
1774305410.3923817,2026-03-23T23:36:50.392382,17.952,141592528,210,405,24,0,0
1774305410.405242,2026-03-23T23:36:50.405242,17.952,141592528,210,405,24,0,0
1774305410.4184847,2026-03-23T23:36:50.418485,17.859,141592528,210,405,24,0,0
1774305410.4314184,2026-03-23T23:36:50.431418,17.859,141592528,210,405,24,0,0
1774305410.4443815,2026-03-23T23:36:50.444381,17.859,141592528,210,405,24,0,0
1774305410.4572968,2026-03-23T23:36:50.457297,17.859,141592528,210,405,24,0,0
1774305410.470105,2026-03-23T23:36:50.470105,17.859,141594178,210,405,23,0,0
1774305410.4832184,2026-03-23T23:36:50.483218,17.859,141594178,210,405,24,0,0
1774305410.4989262,2026-03-23T23:36:50.498926,17.859,141594178,210,405,23,0,0
1774305410.5204957,2026-03-23T23:36:50.520496,18.344,141594178,210,405,23,0,0
1774305410.5378017,2026-03-23T23:36:50.537802,18.344,141594178,210,405,23,0,0
1774305410.5519097,2026-03-23T23:36:50.551910,18.344,141594178,210,405,23,0,0
1774305410.565342,2026-03-23T23:36:50.565342,18.344,141594178,210,405,24,0,0
1774305410.581091,2026-03-23T23:36:50.581091,18.344,141595829,210,405,23,0,0
1774305410.5955508,2026-03-23T23:36:50.595551,18.344,141595829,210,405,23,0,0
1774305410.6104002,2026-03-23T23:36:50.610400,18.344,141595829,210,405,23,0,0
1774305410.6248102,2026-03-23T23:36:50.624810,18.344,141595829,210,405,24,0,0
1774305410.6386092,2026-03-23T23:36:50.638609,18.344,141595829,210,405,23,0,0
1774305410.6525605,2026-03-23T23:36:50.652560,18.344,141595829,210,405,23,0,0
1774305410.6655698,2026-03-23T23:36:50.665570,18.344,141595829,210,405,23,0,0
1774305410.682007,2026-03-23T23:36:50.682007,18.344,141597496,210,405,23,0,0
1774305410.6955783,2026-03-23T23:36:50.695578,18.344,141597496,210,405,23,0,0
1774305410.7086945,2026-03-23T23:36:50.708694,18.344,141597496,210,405,23,0,0
1774305410.7229033,2026-03-23T23:36:50.722903,18.344,141597496,210,405,23,0,0
1774305410.7391174,2026-03-23T23:36:50.739117,18.344,141597496,210,405,23,0,0
1774305410.7530305,2026-03-23T23:36:50.753031,18.344,141597496,210,405,23,0,0
1774305410.770631,2026-03-23T23:36:50.770631,18.344,141599150,210,405,23,0,0
1774305410.787874,2026-03-23T23:36:50.787874,18.344,141599150,210,405,23,0,0
1774305410.807101,2026-03-23T23:36:50.807101,18.344,141599150,210,405,23,0,0
1774305410.8250906,2026-03-23T23:36:50.825091,18.344,141599150,210,405,23,0,0
1774305410.8516228,2026-03-23T23:36:50.851623,18.344,141600803,210,405,23,0,0
1774305410.8894932,2026-03-23T23:36:50.889493,18.344,141600803,210,405,23,0,0
1774305410.910961,2026-03-23T23:36:50.910961,18.344,141600803,210,405,23,0,0
1774305410.9286954,2026-03-23T23:36:50.928695,18.344,141600803,210,405,23,0,0
1774305410.9464962,2026-03-23T23:36:50.946496,18.344,141600803,210,405,23,0,0
1774305410.965258,2026-03-23T23:36:50.965258,18.344,141600803,210,405,23,0,0
1774305410.9786956,2026-03-23T23:36:50.978696,18.344,141602455,210,405,23,0,0
1774305411.0259748,2026-03-23T23:36:51.025975,18.344,141602455,210,405,23,0,0
1774305411.041113,2026-03-23T23:36:51.041113,18.344,141602455,210,405,23,0,0
1774305411.054892,2026-03-23T23:36:51.054892,18.344,141602455,210,405,23,0,1
1774305411.0707045,2026-03-23T23:36:51.070704,18.344,141604156,210,405,23,0,1
1774305411.0847373,2026-03-23T23:36:51.084737,18.344,141604156,210,405,24,0,1
1774305411.106102,2026-03-23T23:36:51.106102,18.344,141604156,2040,6251,24,0,1
1774305411.1558526,2026-03-23T23:36:51.155853,16.708,141606651,2040,6251,24,0,1
1774305411.1945179,2026-03-23T23:36:51.194518,16.708,141606651,2040,6251,24,0,1
1774305411.2097163,2026-03-23T23:36:51.209716,16.708,141606651,2040,6251,24,0,1
1774305411.222879,2026-03-23T23:36:51.222879,16.708,141606651,2040,6251,24,0,1
1774305411.236233,2026-03-23T23:36:51.236233,16.708,141606651,2040,6251,24,0,1
1774305411.2554855,2026-03-23T23:36:51.255486,17.698,141606651,2040,6251,24,0,1
1774305411.2693136,2026-03-23T23:36:51.269314,17.698,141609546,2040,6251,24,0,0
1774305411.2858007,2026-03-23T23:36:51.285801,17.698,141609546,2040,6251,24,0,0
1774305411.3001246,2026-03-23T23:36:51.300125,17.698,141609546,2040,6251,24,0,0
1774305411.3142333,2026-03-23T23:36:51.314233,17.698,141609546,2040,6251,24,0,0
1774305411.3293226,2026-03-23T23:36:51.329323,17.698,141609546,2040,6251,24,0,0
1774305411.3431573,2026-03-23T23:36:51.343157,17.698,141609546,2040,6251,24,0,0
1774305411.3557575,2026-03-23T23:36:51.355757,19.023,141609546,2040,6251,24,0,0
1774305411.3749902,2026-03-23T23:36:51.374990,19.023,141612391,2040,6251,24,0,0
1774305411.3924184,2026-03-23T23:36:51.392418,19.023,141612391,2040,6251,24,0,0
1774305411.4046211,2026-03-23T23:36:51.404621,19.023,141612391,2040,6251,24,0,0
1774305411.4171143,2026-03-23T23:36:51.417114,19.023,141612391,2040,6251,24,0,0
1774305411.4294198,2026-03-23T23:36:51.429420,19.023,141612391,2040,6251,24,0,0
1774305411.4415765,2026-03-23T23:36:51.441576,19.023,141612391,2040,6251,24,0,0
1774305411.453754,2026-03-23T23:36:51.453754,19.851,141612391,2040,6251,24,0,0
1774305411.4691157,2026-03-23T23:36:51.469116,19.851,141615201,2040,6251,24,2,0
1774305411.4822993,2026-03-23T23:36:51.482299,19.851,141615201,2040,6251,24,2,0
1774305411.4945216,2026-03-23T23:36:51.494522,19.851,141615201,2040,6251,24,2,0
1774305411.5094533,2026-03-23T23:36:51.509453,19.851,141615201,2040,6251,24,2,0
1774305411.521555,2026-03-23T23:36:51.521555,19.851,141615201,2040,6251,24,2,0
1774305411.5338602,2026-03-23T23:36:51.533860,19.851,141615201,2040,6251,25,2,0
1774305411.549039,2026-03-23T23:36:51.549039,20.939,141615201,2040,6251,24,2,0
1774305411.5612519,2026-03-23T23:36:51.561252,20.939,141615201,2040,6251,24,2,0
1774305411.5752854,2026-03-23T23:36:51.575285,20.939,141617988,2040,6251,25,2,0
1774305411.5917823,2026-03-23T23:36:51.591782,20.939,141617988,2040,6251,25,2,0
1774305411.6039188,2026-03-23T23:36:51.603919,20.939,141617988,2040,6251,25,2,0
1774305411.6162999,2026-03-23T23:36:51.616300,20.939,141617988,2040,6251,25,2,0
1774305411.6290355,2026-03-23T23:36:51.629035,20.939,141617988,2040,6251,25,2,0
1774305411.6425543,2026-03-23T23:36:51.642554,20.939,141617988,2040,6251,25,2,0
1774305411.654853,2026-03-23T23:36:51.654853,21.98,141617988,2040,6251,25,2,0
1774305411.6690226,2026-03-23T23:36:51.669023,21.98,141617988,2040,6251,25,0,0
1774305411.68113,2026-03-23T23:36:51.681130,21.98,141620813,2040,6251,25,0,0
1774305411.6934383,2026-03-23T23:36:51.693438,21.98,141620813,2040,6251,25,0,0
1774305411.709146,2026-03-23T23:36:51.709146,21.98,141620813,2040,6251,25,0,0
1774305411.7213082,2026-03-23T23:36:51.721308,21.98,141620813,2040,6251,25,0,0
1774305411.7339084,2026-03-23T23:36:51.733908,21.98,141620813,2040,6251,25,0,0
1774305411.7488823,2026-03-23T23:36:51.748882,22.499,141620813,2040,6251,25,0,0
1774305411.7612324,2026-03-23T23:36:51.761232,22.499,141620813,2040,6251,25,0,0
1774305411.7734478,2026-03-23T23:36:51.773448,22.499,141623578,2040,6251,25,0,0
1774305411.7906544,2026-03-23T23:36:51.790654,22.499,141623578,2040,6251,25,0,0
1774305411.802973,2026-03-23T23:36:51.802973,22.499,141623578,2040,6251,25,0,0
1774305411.8153493,2026-03-23T23:36:51.815349,22.499,141623578,2040,6251,25,0,0
1774305411.8310325,2026-03-23T23:36:51.831033,22.499,141623578,2040,6251,25,0,0
1774305411.8451216,2026-03-23T23:36:51.845122,22.499,141623578,2040,6251,25,0,0
1774305411.8574088,2026-03-23T23:36:51.857409,22.914,141623578,2040,6251,25,0,0
1774305411.8696742,2026-03-23T23:36:51.869674,22.914,141626380,2040,6251,25,0,0
1774305411.8822267,2026-03-23T23:36:51.882227,22.914,141626380,2040,6251,25,0,0
1774305411.8948243,2026-03-23T23:36:51.894824,22.914,141626380,2040,6251,25,0,0
1774305411.9090457,2026-03-23T23:36:51.909046,22.914,141626380,2040,6251,25,0,0
1774305411.9223754,2026-03-23T23:36:51.922375,22.914,141626380,2040,6251,25,0,0
1774305411.9406872,2026-03-23T23:36:51.940687,22.914,141626380,2040,6251,25,0,0
1774305411.9534745,2026-03-23T23:36:51.953475,23.299,141626380,2040,6251,25,0,0
1774305411.9689226,2026-03-23T23:36:51.968923,23.299,141629164,2040,6251,25,0,0
1774305411.9828122,2026-03-23T23:36:51.982812,23.299,141629164,2040,6251,25,0,0
1774305411.9953794,2026-03-23T23:36:51.995379,23.299,141629164,2040,6251,25,0,0
1774305412.0106902,2026-03-23T23:36:52.010690,23.299,141629164,2040,6251,25,0,0
1774305412.0227969,2026-03-23T23:36:52.022797,23.299,141629164,2040,6251,25,0,0
1774305412.035132,2026-03-23T23:36:52.035132,23.299,141629164,2040,6251,25,0,0
1774305412.0489774,2026-03-23T23:36:52.048977,23.639,141629164,2040,6251,25,0,0
1774305412.0610895,2026-03-23T23:36:52.061090,23.639,141629164,2040,6251,25,0,0
1774305412.0740466,2026-03-23T23:36:52.074047,23.639,141631971,2040,6251,25,0,0
1774305412.0890837,2026-03-23T23:36:52.089084,23.639,141631971,2040,6251,25,0,0
1774305412.1041088,2026-03-23T23:36:52.104109,23.639,141631971,2040,6251,25,0,0
1774305412.1182048,2026-03-23T23:36:52.118205,23.639,141631971,2040,6251,25,0,0
1774305412.1305141,2026-03-23T23:36:52.130514,23.639,141631971,2040,6251,25,0,0
1774305412.1426911,2026-03-23T23:36:52.142691,23.639,141631971,2040,6251,25,0,0
1774305412.154949,2026-03-23T23:36:52.154949,27.806,141631971,2040,6251,25,0,0
1774305412.168848,2026-03-23T23:36:52.168848,27.806,141631971,2040,6251,25,0,0
1774305412.1808932,2026-03-23T23:36:52.180893,27.806,141634794,2040,6251,25,0,0
1774305412.1930485,2026-03-23T23:36:52.193048,27.806,141634794,2040,6251,25,0,0
1774305412.2091398,2026-03-23T23:36:52.209140,27.806,141634794,2040,6251,25,0,0
1774305412.2215424,2026-03-23T23:36:52.221542,27.806,141634794,2040,6251,25,0,0
1774305412.2339194,2026-03-23T23:36:52.233919,27.806,141634794,2040,6251,25,0,0
1774305412.248957,2026-03-23T23:36:52.248957,28.186,141634794,2040,6251,25,0,0
1774305412.2611585,2026-03-23T23:36:52.261158,28.186,141634794,2040,6251,25,0,0
1774305412.273435,2026-03-23T23:36:52.273435,28.186,141637705,2040,6251,25,0,0
1774305412.2894216,2026-03-23T23:36:52.289422,28.186,141637705,2040,6251,25,0,0
1774305412.3019733,2026-03-23T23:36:52.301973,28.186,141637705,2040,6251,25,0,0
1774305412.3145304,2026-03-23T23:36:52.314530,28.186,141637705,2040,6251,25,0,0
1774305412.3303125,2026-03-23T23:36:52.330312,28.186,141637705,2040,6251,25,0,0
1774305412.3424847,2026-03-23T23:36:52.342485,28.186,141637705,2040,6251,25,0,0
1774305412.3573205,2026-03-23T23:36:52.357321,28.52,141637705,2040,6251,25,0,0
1774305412.369662,2026-03-23T23:36:52.369662,28.52,141640731,2040,6251,25,0,0
1774305412.3819988,2026-03-23T23:36:52.381999,28.52,141640731,2040,6251,25,0,0
1774305412.394243,2026-03-23T23:36:52.394243,28.52,141640731,2040,6251,25,0,0
1774305412.408733,2026-03-23T23:36:52.408733,28.52,141640731,2040,6251,25,0,0
1774305412.4208648,2026-03-23T23:36:52.420865,28.52,141640731,2040,6251,25,0,0
1774305412.433132,2026-03-23T23:36:52.433132,28.52,141640731,2040,6251,25,0,0
1774305412.4491215,2026-03-23T23:36:52.449121,28.543,141640731,2040,6251,25,0,0
1774305412.4612424,2026-03-23T23:36:52.461242,28.543,141640731,2040,6251,25,0,0
1774305412.4734836,2026-03-23T23:36:52.473484,28.543,141643526,2040,6251,25,53,0
1774305412.4890757,2026-03-23T23:36:52.489076,28.543,141643526,2040,6251,25,53,0
1774305412.5011973,2026-03-23T23:36:52.501197,28.543,141643526,2040,6251,25,53,0
1774305412.5134857,2026-03-23T23:36:52.513486,28.543,141643526,2040,6251,25,53,0
1774305412.5287,2026-03-23T23:36:52.528700,28.543,141643526,2040,6251,25,53,0
1774305412.541096,2026-03-23T23:36:52.541096,28.543,141643526,2040,6251,25,53,0
1774305412.553302,2026-03-23T23:36:52.553302,28.494,141643526,2040,6251,25,53,0
1774305412.5686295,2026-03-23T23:36:52.568630,28.494,141643526,2040,6251,25,53,0
1774305412.5807185,2026-03-23T23:36:52.580719,28.494,141646346,2040,6251,25,53,0
1774305412.592918,2026-03-23T23:36:52.592918,28.494,141646346,2040,6251,25,53,0
1774305412.6086767,2026-03-23T23:36:52.608677,28.494,141646346,2040,6251,25,53,0
1774305412.6208377,2026-03-23T23:36:52.620838,28.494,141646346,2040,6251,25,53,0
1774305412.6330867,2026-03-23T23:36:52.633087,28.494,141646346,2040,6251,25,53,0
1774305412.6486726,2026-03-23T23:36:52.648673,28.476,141646346,2040,6251,25,53,0
1774305412.6608458,2026-03-23T23:36:52.660846,28.476,141646346,2040,6251,25,53,0
1774305412.673091,2026-03-23T23:36:52.673091,28.476,141649118,2040,6251,25,0,0
1774305412.6888711,2026-03-23T23:36:52.688871,28.476,141649118,2040,6251,25,0,0
1774305412.701233,2026-03-23T23:36:52.701233,28.476,141649118,2040,6251,25,0,0
1774305412.7137024,2026-03-23T23:36:52.713702,28.476,141649118,2040,6251,25,0,0
1774305412.7288847,2026-03-23T23:36:52.728885,28.476,141649118,2040,6251,25,0,0
1774305412.741303,2026-03-23T23:36:52.741303,28.476,141649118,2040,6251,25,0,0
1774305412.7539282,2026-03-23T23:36:52.753928,28.467,141649118,2040,6251,25,0,0
1774305412.769153,2026-03-23T23:36:52.769153,28.467,141652082,2040,6251,25,0,0
1774305412.7822273,2026-03-23T23:36:52.782227,28.467,141652082,2040,6251,25,0,0
1774305412.794862,2026-03-23T23:36:52.794862,28.467,141652082,2040,6251,25,0,0
1774305412.8088245,2026-03-23T23:36:52.808825,28.467,141652082,2040,6251,25,0,0
1774305412.8211088,2026-03-23T23:36:52.821109,28.467,141652082,2040,6251,25,0,0
1774305412.8336296,2026-03-23T23:36:52.833630,28.467,141652082,2040,6251,25,0,0
1774305412.848764,2026-03-23T23:36:52.848764,28.69,141652082,2040,6251,25,0,0
1774305412.860904,2026-03-23T23:36:52.860904,28.69,141652082,2040,6251,25,0,0
1774305412.8731582,2026-03-23T23:36:52.873158,28.69,141654979,2040,6251,25,9,0
1774305412.8891983,2026-03-23T23:36:52.889198,28.69,141654979,2040,6251,25,9,0
1774305412.9013867,2026-03-23T23:36:52.901387,28.69,141654979,2040,6251,25,9,0
1774305412.9138684,2026-03-23T23:36:52.913868,28.69,141654979,2040,6251,25,9,0
1774305412.929355,2026-03-23T23:36:52.929355,28.69,141654979,2040,6251,25,9,0
1774305412.9414802,2026-03-23T23:36:52.941480,28.69,141654979,2040,6251,25,9,0
1774305412.953745,2026-03-23T23:36:52.953745,28.636,141654979,2040,6251,25,9,0
1774305412.9689958,2026-03-23T23:36:52.968996,28.636,141657784,2040,6251,25,9,0
1774305412.9818144,2026-03-23T23:36:52.981814,28.636,141657784,2040,6251,25,9,0
1774305412.994275,2026-03-23T23:36:52.994275,28.636,141657784,2040,6251,25,9,0
1774305413.0098984,2026-03-23T23:36:53.009898,28.636,141657784,2040,6251,25,9,0
1774305413.0220723,2026-03-23T23:36:53.022072,28.636,141657784,2040,6251,25,9,0
1774305413.034443,2026-03-23T23:36:53.034443,28.636,141657784,2040,6251,25,9,0
1774305413.0488684,2026-03-23T23:36:53.048868,28.645,141657784,2040,6251,25,9,0
1774305413.0614889,2026-03-23T23:36:53.061489,28.645,141657784,2040,6251,25,9,0
1774305413.07391,2026-03-23T23:36:53.073910,28.645,141660585,2040,6251,25,0,0
1774305413.0887084,2026-03-23T23:36:53.088708,28.645,141660585,2040,6251,25,0,0
1774305413.1010394,2026-03-23T23:36:53.101039,28.645,141660585,2040,6251,25,0,0
1774305413.1135056,2026-03-23T23:36:53.113506,28.645,141660585,2040,6251,25,0,0
1774305413.1284924,2026-03-23T23:36:53.128492,28.645,141660585,2040,6251,25,0,0
1774305413.1405973,2026-03-23T23:36:53.140597,28.645,141660585,2040,6251,25,0,0
1774305413.1530032,2026-03-23T23:36:53.153003,28.627,141660585,2040,6251,25,0,0
1774305413.1685164,2026-03-23T23:36:53.168516,28.627,141660585,2040,6251,25,0,0
1774305413.1807816,2026-03-23T23:36:53.180782,28.627,141663425,2040,6251,25,0,0
1774305413.193284,2026-03-23T23:36:53.193284,28.627,141663425,2040,6251,25,0,0
1774305413.2095153,2026-03-23T23:36:53.209515,28.627,141663425,2040,6251,25,0,0
1774305413.2217495,2026-03-23T23:36:53.221750,28.627,141663425,2040,6251,25,0,0
1774305413.2341917,2026-03-23T23:36:53.234192,28.627,141663425,2040,6251,25,0,0
1774305413.2489822,2026-03-23T23:36:53.248982,28.653,141663425,2040,6251,25,0,0
1774305413.2611296,2026-03-23T23:36:53.261130,28.653,141663425,2040,6251,25,0,0
1774305413.2733824,2026-03-23T23:36:53.273382,28.653,141666201,2040,6251,25,1,0
1774305413.2889616,2026-03-23T23:36:53.288962,28.653,141666201,2040,6251,25,1,0
1774305413.3010936,2026-03-23T23:36:53.301094,28.653,141666201,2040,6251,25,1,0
1774305413.3133466,2026-03-23T23:36:53.313347,28.653,141666201,2040,6251,25,1,0
1774305413.3285496,2026-03-23T23:36:53.328550,28.653,141666201,2040,6251,25,1,0
1774305413.3406599,2026-03-23T23:36:53.340660,28.653,141666201,2040,6251,25,1,0
1774305413.3529031,2026-03-23T23:36:53.352903,28.636,141666201,2040,6251,25,1,0
1774305413.3684587,2026-03-23T23:36:53.368459,28.636,141666201,2040,6251,25,1,0
1774305413.380599,2026-03-23T23:36:53.380599,28.636,141669241,2040,6251,25,1,0
1774305413.3928564,2026-03-23T23:36:53.392856,28.636,141669241,2040,6251,25,1,0
1774305413.408456,2026-03-23T23:36:53.408456,28.636,141669241,2040,6251,25,1,0
1774305413.4207163,2026-03-23T23:36:53.420716,28.636,141669241,2040,6251,25,1,0
1774305413.432913,2026-03-23T23:36:53.432913,28.636,141669241,2040,6251,25,1,0
1774305413.4485567,2026-03-23T23:36:53.448557,28.591,141669241,2040,6251,25,1,0
1774305413.4606712,2026-03-23T23:36:53.460671,28.591,141669241,2040,6251,25,1,0
1774305413.4736676,2026-03-23T23:36:53.473668,28.591,141672270,2040,6251,25,91,0
1774305413.4885855,2026-03-23T23:36:53.488585,28.591,141672270,2040,6251,25,91,0
1774305413.5006816,2026-03-23T23:36:53.500682,28.591,141672270,2040,6251,25,91,0
1774305413.5128722,2026-03-23T23:36:53.512872,28.591,141672270,2040,6251,25,91,0
1774305413.5283198,2026-03-23T23:36:53.528320,28.591,141672270,2040,6251,25,91,0
1774305413.5404084,2026-03-23T23:36:53.540408,28.591,141672270,2040,6251,25,91,0
1774305413.5526223,2026-03-23T23:36:53.552622,28.786,141672270,2040,6251,25,91,0
1774305413.568405,2026-03-23T23:36:53.568405,28.786,141672270,2040,6251,25,91,0
1774305413.5804667,2026-03-23T23:36:53.580467,28.786,141675362,2040,6251,25,91,0
1774305413.5926743,2026-03-23T23:36:53.592674,28.786,141675362,2040,6251,25,91,0
1774305413.6085806,2026-03-23T23:36:53.608581,28.786,141675362,2040,6251,25,91,0
1774305413.6209993,2026-03-23T23:36:53.620999,28.786,141675362,2040,6251,25,91,0
1774305413.6333435,2026-03-23T23:36:53.633343,28.786,141675362,2040,6251,25,91,0
1774305413.6483786,2026-03-23T23:36:53.648379,28.786,141675362,2040,6251,25,91,0
1774305413.6604779,2026-03-23T23:36:53.660478,29.033,141675362,2040,6251,25,91,0
1774305413.6731203,2026-03-23T23:36:53.673120,29.033,141678379,2040,6251,25,100,0
1774305413.688679,2026-03-23T23:36:53.688679,29.033,141678379,2040,6251,25,100,0
1774305413.7010486,2026-03-23T23:36:53.701049,29.033,141678379,2040,6251,25,100,0
1774305413.713496,2026-03-23T23:36:53.713496,29.033,141678379,2040,6251,25,100,0
1774305413.7284486,2026-03-23T23:36:53.728449,29.033,141678379,2040,6251,25,100,0
1774305413.740757,2026-03-23T23:36:53.740757,29.033,141678379,2040,6251,25,100,0
1774305413.7534156,2026-03-23T23:36:53.753416,29.122,141678379,2040,6251,25,100,0
1774305413.7683506,2026-03-23T23:36:53.768351,29.122,141678379,2040,6251,25,100,0
1774305413.7804425,2026-03-23T23:36:53.780442,29.122,141681283,2040,6251,25,100,0
1774305413.792707,2026-03-23T23:36:53.792707,29.122,141681283,2040,6251,25,100,0
1774305413.808364,2026-03-23T23:36:53.808364,29.122,141681283,2040,6251,25,100,0
1774305413.8208807,2026-03-23T23:36:53.820881,29.122,141681283,2040,6251,25,100,0
1774305413.8331883,2026-03-23T23:36:53.833188,29.122,141681283,2040,6251,25,100,0
1774305413.8483603,2026-03-23T23:36:53.848360,29.122,141681283,2040,6251,25,100,0
1774305413.8605618,2026-03-23T23:36:53.860562,29.166,141681283,2040,6251,25,100,0
1774305413.872809,2026-03-23T23:36:53.872809,29.166,141684170,2040,6251,25,14,1
1774305413.88861,2026-03-23T23:36:53.888610,29.166,141684170,2040,6251,25,14,1
1774305413.9020047,2026-03-23T23:36:53.902005,29.166,141684170,2040,6251,25,14,1
1774305413.9150298,2026-03-23T23:36:53.915030,29.166,141684170,2040,6251,25,14,1
1774305413.928246,2026-03-23T23:36:53.928246,29.166,141684170,2040,6251,25,14,1
1774305413.9403021,2026-03-23T23:36:53.940302,29.166,141684170,2040,6251,25,14,1
1774305413.9525158,2026-03-23T23:36:53.952516,28.998,141684170,2040,6251,25,14,1
1774305413.968279,2026-03-23T23:36:53.968279,28.998,141684170,2040,6251,25,14,1
1774305413.9804134,2026-03-23T23:36:53.980413,28.998,141686994,2040,6251,25,14,1
1774305413.9928718,2026-03-23T23:36:53.992872,28.998,141686994,2040,6251,25,14,1
1774305414.0083096,2026-03-23T23:36:54.008310,28.998,141686994,2040,6251,25,14,1
1774305414.0204086,2026-03-23T23:36:54.020409,28.998,141686994,2040,6251,25,14,1
1774305414.032941,2026-03-23T23:36:54.032941,28.998,141686994,2040,6251,25,14,1
1774305414.048204,2026-03-23T23:36:54.048204,28.998,141686994,2040,6251,25,14,1
1774305414.0603034,2026-03-23T23:36:54.060303,29.015,141686994,2040,6251,25,14,1
1774305414.0724964,2026-03-23T23:36:54.072496,29.015,141689758,2040,6251,25,0,0
1774305414.0883062,2026-03-23T23:36:54.088306,29.015,141689758,2040,6251,25,0,0
1774305414.1004746,2026-03-23T23:36:54.100475,29.015,141689758,2040,6251,25,0,0
1774305414.1184072,2026-03-23T23:36:54.118407,29.015,141689758,2040,6251,25,0,0
1774305414.1360667,2026-03-23T23:36:54.136067,29.015,141689758,2040,6251,25,0,0
1774305414.156659,2026-03-23T23:36:54.156659,28.971,141692637,2040,6251,25,0,0
1774305414.2255435,2026-03-23T23:36:54.225543,28.971,141692637,2040,6251,25,0,0
1774305414.2384748,2026-03-23T23:36:54.238475,28.971,141692637,2040,6251,25,0,0
1774305414.253056,2026-03-23T23:36:54.253056,29.148,141692637,2040,6251,25,0,0
1774305414.2682195,2026-03-23T23:36:54.268219,29.148,141695492,2040,6251,25,5,1
1774305414.3291645,2026-03-23T23:36:54.329165,29.148,141695492,2040,6251,25,5,1
1774305414.3415537,2026-03-23T23:36:54.341554,29.148,141695492,2040,6251,25,5,1
1774305414.3540926,2026-03-23T23:36:54.354093,29.139,141695492,2040,6251,25,5,1
--- END PROFILER DATA GPU 1 ---
