Hello from rank: 0
Hello from rank: 2
Hello from rank: 1
Hello from rank: 3
Rank: 1 | Device count: 4 | Using device: 1 
Rank: 3 | Device count: 4 | Using device: 3 
Rank: 0 | Device count: 4 | Using device: 0 
Rank: 2 | Device count: 4 | Using device: 2 
device 1 | NVSHMEM init time (s): 3.4929
Hello from NVSHMEM_PE=0/4
4 GPUs detected, asked to use 4 GPUs
Program start timestamp: 1775107636.663033
device 0 | NVSHMEM init time (s): 3.4929
device 3 | NVSHMEM init time (s): 3.4929
device 2 | NVSHMEM init time (s): 3.4929
SUBGRAPH with N=2400 (4 of 600x600 tiles)
SM Limit per kernel = 20
cuBLAS workspace = 256 kB
totalNodes=30
bufferSize=9088
tileSize=262144
0:
1: 0
2: 0
3: 0
4: 0
5: 1 4
6: 2 4
7: 3 4
8: 0
9: 1 8
10: 2 8
11: 3 8
12: 0
13: 1 12
14: 2 12
15: 3 12
16: 5
17: 6 16
18: 7 16
19: 9 16
20: 10 17 19
21: 11 18 19
22: 13 16
23: 14 17 22
24: 15 18 22
25: 20
26: 21 25
27: 23 25
28: 24 26 27
29: 28
Creating queue...
Allocating memory...
Setting dependencies...
Populating the queue...
Inserting dependency kernels...
GPU memory usage: used = 1000.187500, free = 21589.125000 MB, total = 22589.312500 MB
Uploading graphs...
device 3 | Setup time (s): 0.5123
Initializing scheduler...
GPU memory usage: used = 1006.187500, free = 21583.125000 MB, total = 22589.312500 MB
Launching...
device 0 | Setup time (s): 0.5120
device 1 | Setup time (s): 0.5139
device 2 | Setup time (s): 0.5140
