Hello from rank: 3
Hello from rank: 1
Hello from rank: 2
Hello from rank: 0
Rank: 3 | Device count: 4 | Using device: 3 
Rank: 2 | Device count: 4 | Using device: 2 
Rank: 1 | Device count: 4 | Using device: 1 
Rank: 0 | Device count: 4 | Using device: 0 
device 3 | NVSHMEM init time (s): 3.6977
device 1 | NVSHMEM init time (s): 3.6977
device 2 | NVSHMEM init time (s): 3.6977
Hello from NVSHMEM_PE=0/4
4 GPUs detected, asked to use 4 GPUs
Program start timestamp: 1775055778.533254
device 0 | NVSHMEM init time (s): 3.6975
SUBGRAPH with N=2400 (4 of 600x600 tiles)
SM Limit per kernel = 20
cuBLAS workspace = 256 kB
totalNodes=20
bufferSize=1600
tileSize=262144
0:
1: 0
2: 0
3: 0
4: 1
5: 1 2
6: 1 3
7: 2
8: 2 3
9: 3
10: 4
11: 5 10
12: 6 10
13: 7 11
14: 8 11 12
15: 9 12
16: 13
17: 14 16
18: 15 17
19: 18
Creating queue...
Allocating memory...
Setting dependencies...
Populating the queue...
device 1 | Setup time (s): 0.4043
device 3 | Setup time (s): 0.4044
device 2 | Setup time (s): 0.4046
