====================================================
START_EXPERIMENT: BENCH=cholesky_mustard_FREQ=795_TILE=16_N=4800_R=5
====================================================
Setting GPUs to 795MHz...
Attempting to set GPU freq to 795 MHz (using default memory freq 6251 MHz)...
Successfully set GPU frequency.
Attempting to set GPU freq to 795 MHz (using default memory freq 6251 MHz)...
Successfully set GPU frequency.
Attempting to set GPU freq to 795 MHz (using default memory freq 6251 MHz)...
Successfully set GPU frequency.
Attempting to set GPU freq to 795 MHz (using default memory freq 6251 MHz)...
Successfully set GPU frequency.
Running cholesky_mustard...
Hello from rank: 1
Hello from rank: 3
Hello from rank: 0
Hello from rank: 2
Rank: 0 | Device count: 4 | Using device: 0 
Rank: 3 | Device count: 4 | Using device: 3 
Rank: 2 | Device count: 4 | Using device: 2 
Rank: 1 | Device count: 4 | Using device: 1 
