=== GPU Info ===
NVIDIA L4, 565.57.01

=== Supported Graphics (SM) Clock Frequencies (MHz) ===
2040 MHz
2025 MHz
2010 MHz
1995 MHz
1980 MHz
1965 MHz
1950 MHz
1935 MHz
1920 MHz
1905 MHz
1890 MHz
1875 MHz
1860 MHz
1845 MHz
1830 MHz
1815 MHz
1800 MHz
1785 MHz
1770 MHz
1755 MHz
1740 MHz
1725 MHz
1710 MHz
1695 MHz
1680 MHz
1665 MHz
1650 MHz
1635 MHz
1620 MHz
1605 MHz
1590 MHz
1575 MHz
1560 MHz
1545 MHz
1530 MHz
1515 MHz
1500 MHz
1485 MHz
1470 MHz
1455 MHz
1440 MHz
1425 MHz
1410 MHz
1395 MHz
1380 MHz
1365 MHz
1350 MHz
1335 MHz
1320 MHz
1305 MHz
1290 MHz
1275 MHz
1260 MHz
1245 MHz
1230 MHz
1215 MHz
1200 MHz
1185 MHz
1170 MHz
1155 MHz
1140 MHz
1125 MHz
1110 MHz
1095 MHz
1080 MHz
1065 MHz
1050 MHz
1035 MHz
1020 MHz
1005 MHz
990 MHz
975 MHz
960 MHz
945 MHz
930 MHz
915 MHz
900 MHz
885 MHz
870 MHz
855 MHz
840 MHz
825 MHz
810 MHz
795 MHz
780 MHz
765 MHz
750 MHz
735 MHz
720 MHz
705 MHz
690 MHz
675 MHz
660 MHz
645 MHz
630 MHz
615 MHz
600 MHz
585 MHz
570 MHz
555 MHz
540 MHz
525 MHz
510 MHz
495 MHz
480 MHz
465 MHz
450 MHz
435 MHz
420 MHz
405 MHz
390 MHz
375 MHz
360 MHz
345 MHz
330 MHz
315 MHz
300 MHz
285 MHz
270 MHz
255 MHz
240 MHz
225 MHz
210 MHz


=== Supported Memory Clock Frequencies (MHz) ===
6251 MHz
405 MHz
