========= COMPUTE-SANITIZER
========= COMPUTE-SANITIZER
========= COMPUTE-SANITIZER
========= COMPUTE-SANITIZER
Hello from rank: 3
Hello from rank: 1
Hello from rank: 2
Hello from rank: 0
Rank: 1 | Device count: 4 | Using device: 1 
Rank: 2 | Device count: 4 | Using device: 2 
Rank: 3 | Device count: 4 | Using device: 3 
Rank: 0 | Device count: 4 | Using device: 0 
device 1 | NVSHMEM init time (s): 72.8398
Hello from NVSHMEM_PE=0/4
4 GPUs detected, asked to use 4 GPUs
Program start timestamp: 1775069593.186935
device 0 | NVSHMEM init time (s): 72.8397
SUBGRAPH with N=2400 (4 of 600x600 tiles)
SM Limit per kernel = 20
cuBLAS workspace = 256 kB
device 2 | NVSHMEM init time (s): 72.8397
device 3 | NVSHMEM init time (s): 72.8398
totalNodes=20
bufferSize=1600
tileSize=262144
0:
1: 0
2: 0
3: 0
4: 1
5: 1 2
6: 1 3
7: 2
8: 2 3
9: 3
10: 4
11: 5 10
12: 6 10
13: 7 11
14: 8 11 12
15: 9 12
16: 13
17: 14 16
18: 15 17
19: 18
Creating queue...
Allocating memory...
Setting dependencies...
Populating the queue...
device 2 | Setup time (s): 0.3922
device 1 | Setup time (s): 0.3943
device 3 | Setup time (s): 0.3944
========= Invalid __global__ atomic of size 8 bytes
=========     at T1 nvshmemi_transfer_amo_fetch<unsigned int>(void *, T1, T1, int, nvshmemi_amo_t)+0x11b20
=========     by thread (0,0,0) in block (0,0,0)
=========     Address 0x0 is out of bounds
=========     and is 1099578736640 bytes before the nearest allocation at 0x10004000000 of size 536870912 bytes
=========     Device Frame:mustard::kernel_populate_queue(BrokerWorkDistributorT<(BrokerConsistency)1>, int *, int)+0x230
=========     Saved host backtrace up to driver entry point at kernel launch time
=========     Host Frame: [0x336187]
=========                in /.singularity.d/libs/libcuda.so.1
=========     Host Frame: [0x15aa7]
=========                in /opt/nvidia/hpc_sdk/Linux_x86_64/24.9/cuda/lib64/libcudart.so.12
=========     Host Frame:cudaLaunchKernel [0x759f0]
=========                in /opt/nvidia/hpc_sdk/Linux_x86_64/24.9/cuda/lib64/libcudart.so.12
=========     Host Frame:cudaError cudaLaunchKernel<char>(char*, dim3, dim3, void**, unsigned long, CUstream_st*) [0xc20d]
=========                in /data/users/chjing/dvfs_thesis/mustard/build/cholesky_mustard
=========     Host Frame:__device_stub__ZN7mustard21kernel_populate_queueE22BrokerWorkDistributorTIL17BrokerConsistency1EEPii(BrokerWorkDistributorT<(BrokerConsistency)1>&, int*, int) [0xb92d]
=========                in /data/users/chjing/dvfs_thesis/mustard/build/cholesky_mustard
=========     Host Frame:mustard::kernel_populate_queue(BrokerWorkDistributorT<(BrokerConsistency)1>, int*, int) [0xb96d]
=========                in /data/users/chjing/dvfs_thesis/mustard/build/cholesky_mustard
=========     Host Frame:tiledCholesky(bool, bool, bool) [0x8edb]
=========                in /data/users/chjing/dvfs_thesis/mustard/build/cholesky_mustard
=========     Host Frame:Cholesky(bool, bool, bool, bool) [0xa25c]
=========                in /data/users/chjing/dvfs_thesis/mustard/build/cholesky_mustard
=========     Host Frame:main [0xaa26]
=========                in /data/users/chjing/dvfs_thesis/mustard/build/cholesky_mustard
=========     Host Frame: [0x29d8f]
=========                in /lib/x86_64-linux-gnu/libc.so.6
=========     Host Frame:__libc_start_main [0x29e3f]
=========                in /lib/x86_64-linux-gnu/libc.so.6
=========     Host Frame:_start [0x5c04]
=========                in /data/users/chjing/dvfs_thesis/mustard/build/cholesky_mustard
========= 
========= Program hit cudaErrorLaunchFailure (error 719) due to "unspecified launch failure" on CUDA API call to cudaDeviceSynchronize.
=========     Saved host backtrace up to driver entry point at error
=========     Host Frame: [0x469065]
=========                in /.singularity.d/libs/libcuda.so.1
=========     Host Frame:cudaDeviceSynchronize [0x4af09]
=========                in /opt/nvidia/hpc_sdk/Linux_x86_64/24.9/cuda/lib64/libcudart.so.12
=========     Host Frame:tiledCholesky(bool, bool, bool) [0x8ee4]
=========                in /data/users/chjing/dvfs_thesis/mustard/build/cholesky_mustard
=========     Host Frame:Cholesky(bool, bool, bool, bool) [0xa25c]
=========                in /data/users/chjing/dvfs_thesis/mustard/build/cholesky_mustard
=========     Host Frame:main [0xaa26]
=========                in /data/users/chjing/dvfs_thesis/mustard/build/cholesky_mustard
=========     Host Frame: [0x29d8f]
=========                in /lib/x86_64-linux-gnu/libc.so.6
=========     Host Frame:__libc_start_main [0x29e3f]
=========                in /lib/x86_64-linux-gnu/libc.so.6
=========     Host Frame:_start [0x5c04]
=========                in /data/users/chjing/dvfs_thesis/mustard/build/cholesky_mustard
========= 
