====================================================
START_EXPERIMENT: BENCH=lu_mustard_FREQ=795_TILE=16_N=4800_R=5
====================================================
Setting GPUs to 795MHz...
Attempting to set GPU freq to 795 MHz (using default memory freq 6251 MHz)...
Successfully set GPU frequency.
Attempting to set GPU freq to 795 MHz (using default memory freq 6251 MHz)...
Successfully set GPU frequency.
Attempting to set GPU freq to 795 MHz (using default memory freq 6251 MHz)...
Successfully set GPU frequency.
Attempting to set GPU freq to 795 MHz (using default memory freq 6251 MHz)...
Successfully set GPU frequency.
Running lu_mustard...
Hello from rank: 1
Hello from rank: 0
Hello from rank: 2
Hello from rank: 3
Rank: 1 | Device count: 4 | Using device: 1 
Rank: 2 | Device count: 4 | Using device: 2 
Rank: 0 | Device count: 4 | Using device: 0 
Rank: 3 | Device count: 4 | Using device: 3 
Hello from NVSHMEM_PE=0/4
4 GPUs detected, asked to use 4 GPUs
TILED with N=4800 (16 of 300x300 tiles)
SM Limit per kernel = 20
cuBLAS workspace = 256 kB
totalNodes=1496
bufferSize=6784
tileSize=262144
Setup time (s): 1.1255
device 0 | 0 run | time (s): 0.2346
device 0 | 1 run | time (s): 0.2377
device 0 | 2 run | time (s): 0.2315
device 0 | 3 run | time (s): 0.2305
device 0 | 4 run | time (s): 0.2324
Total time used (s): 1.1667
Total program time (s): 6.9235
Total program time (s): 6.9438
Total program time (s): 6.9875
Total program time (s): 7.0532
Starting monitoring (interval: 0.01s)
Output file: /tmp/job_160525_lu_mustard_795_16_gpu_0.csv

Signal SIGTERM received. Stopping monitoring...
Signal handler attempting to save data to /tmp/job_160525_lu_mustard_795_16_gpu_0.csv...
Saving 617 data points to /tmp/job_160525_lu_mustard_795_16_gpu_0.csv...
Data saved successfully to /tmp/job_160525_lu_mustard_795_16_gpu_0.csv
Exiting due to signal.
Main: Shutting down NVML.
Starting monitoring (interval: 0.01s)
Output file: /tmp/job_160525_lu_mustard_795_16_gpu_1.csv

Signal SIGTERM received. Stopping monitoring...
Signal handler attempting to save data to /tmp/job_160525_lu_mustard_795_16_gpu_1.csv...
Saving 624 data points to /tmp/job_160525_lu_mustard_795_16_gpu_1.csv...
Data saved successfully to /tmp/job_160525_lu_mustard_795_16_gpu_1.csv
Exiting due to signal.
Main: Shutting down NVML.
Starting monitoring (interval: 0.01s)
Output file: /tmp/job_160525_lu_mustard_795_16_gpu_2.csv

Signal SIGTERM received. Stopping monitoring...
Signal handler attempting to save data to /tmp/job_160525_lu_mustard_795_16_gpu_2.csv...
Saving 620 data points to /tmp/job_160525_lu_mustard_795_16_gpu_2.csv...
Data saved successfully to /tmp/job_160525_lu_mustard_795_16_gpu_2.csv
Exiting due to signal.
Main: Shutting down NVML.
