--- Elevating Privileges to Set Clocks ---
Attempting to set GPU freq to 2025 MHz (using default memory freq 6251 MHz)...
Successfully set GPU frequency.
Attempting to set GPU freq to 2010 MHz (using default memory freq 6251 MHz)...
Successfully set GPU frequency.
----------------------------------------------------
Step 2: Monitoring
----------------------------------------------------
Starting monitoring (interval: 0.1s)
Duration: 2.0s
Output file: stats_gpu0.csv

Monitoring duration reached.

Collected 20 samples
Ensuring data is saved...
Saving 20 data points to stats_gpu0.csv...
Data saved successfully to stats_gpu0.csv

Power Summary:
  Average: 16.2W
  Min: 16.2W
  Max: 16.2W

Energy Consumption (calculated from hardware counter):
  Total: 32.419 J

GPU Frequency Summary:
  Average: 210MHz
  Min: 210MHz
  Max: 210MHz
Main: Shutting down NVML.
----------------------------------------------------
Step 3: Resetting Clocks
Reset to default clocks
Reset to default clocks
----------------------------------------------------
Step 4: Consolidating Results
----------------------------------------------------
--- BEGIN PROFILER DATA GPU 0 ---
timestamp,datetime,power_w,total_energy_mj,gpu_freq_mhz,mem_freq_mhz,temperature_c,gpu_util_pct,mem_util_pct
1774368296.67932,2026-03-24T17:04:56.679320,16.223,1930058127,210,405,37,0,0
1774368296.788631,2026-03-24T17:04:56.788631,16.223,1930059752,210,405,37,0,0
1774368296.892092,2026-03-24T17:04:56.892092,16.223,1930061372,210,405,37,0,0
1774368296.995566,2026-03-24T17:04:56.995566,16.223,1930062992,210,405,37,0,0
1774368297.099015,2026-03-24T17:04:57.099015,16.223,1930064614,210,405,37,0,0
1774368297.2032142,2026-03-24T17:04:57.203214,16.223,1930066234,210,405,37,0,0
1774368297.3066123,2026-03-24T17:04:57.306612,16.227,1930067855,210,405,37,0,0
1774368297.4100783,2026-03-24T17:04:57.410078,16.227,1930069478,210,405,37,0,0
1774368297.5134592,2026-03-24T17:04:57.513459,16.227,1930071096,210,405,37,0,0
1774368297.6169705,2026-03-24T17:04:57.616971,16.227,1930072717,210,405,37,0,0
1774368297.7204263,2026-03-24T17:04:57.720426,16.227,1930074338,210,405,37,0,0
1774368297.8237405,2026-03-24T17:04:57.823740,16.227,1930075959,210,405,37,0,0
1774368297.9270957,2026-03-24T17:04:57.927096,16.227,1930079204,210,405,37,0,0
1774368298.0303879,2026-03-24T17:04:58.030388,16.227,1930080823,210,405,37,0,0
1774368298.133897,2026-03-24T17:04:58.133897,16.227,1930082442,210,405,37,0,0
1774368298.2371712,2026-03-24T17:04:58.237171,16.227,1930084065,210,405,37,0,0
1774368298.3406122,2026-03-24T17:04:58.340612,16.227,1930085685,210,405,37,0,0
1774368298.443915,2026-03-24T17:04:58.443915,16.227,1930087305,210,405,37,0,0
1774368298.5473552,2026-03-24T17:04:58.547355,16.227,1930088924,210,405,37,0,0
1774368298.6506393,2026-03-24T17:04:58.650639,16.227,1930090546,210,405,37,0,0
--- END PROFILER DATA GPU 0 ---
