====================================================
START_EXPERIMENT: BENCH=cholesky_mustard_FREQ=795_TILE=16_N=9600_R=5
====================================================
Setting GPUs to 795MHz...
Attempting to set GPU freq to 795 MHz (using default memory freq 6251 MHz)...
Successfully set GPU frequency.
Attempting to set GPU freq to 795 MHz (using default memory freq 6251 MHz)...
Successfully set GPU frequency.
Attempting to set GPU freq to 795 MHz (using default memory freq 6251 MHz)...
Successfully set GPU frequency.
Attempting to set GPU freq to 795 MHz (using default memory freq 6251 MHz)...
Successfully set GPU frequency.
Running cholesky_mustard...
Hello from rank: 0
Hello from rank: 2
Hello from rank: 1
Hello from rank: 3
Rank: 1 | Device count: 4 | Using device: 1 
Rank: 0 | Device count: 4 | Using device: 0 
Rank: 2 | Device count: 4 | Using device: 2 
Rank: 3 | Device count: 4 | Using device: 3 
device 3 | NVSHMEM init time (s): 7.5686
Hello from NVSHMEM_PE=0/4
4 GPUs detected, asked to use 4 GPUs
device 0 | NVSHMEM init time (s): 7.5688
device 1 | NVSHMEM init time (s): 7.5687
device 2 | NVSHMEM init time (s): 7.5688
TILED with N=9600 (16 of 600x600 tiles)
SM Limit per kernel = 20
cuBLAS workspace = 256 kB
