========= COMPUTE-SANITIZER
========= COMPUTE-SANITIZER
========= COMPUTE-SANITIZER
========= COMPUTE-SANITIZER
Hello from rank: 3
Hello from rank: 1
Hello from rank: 0
Hello from rank: 2
Rank: 1 | Device count: 4 | Using device: 1 
Rank: 3 | Device count: 4 | Using device: 3 
Rank: 2 | Device count: 4 | Using device: 2 
Rank: 0 | Device count: 4 | Using device: 0 
Hello from NVSHMEM_PE=0/4
4 GPUs detected, asked to use 4 GPUs
Program start timestamp: 1775074727.658935
device 0 | NVSHMEM init time (s): 95.3357
device 1 | NVSHMEM init time (s): 95.3356
device 2 | NVSHMEM init time (s): 95.3356
device 3 | NVSHMEM init time (s): 95.3356
SUBGRAPH with N=2400 (4 of 600x600 tiles)
SM Limit per kernel = 20
cuBLAS workspace = 256 kB
totalNodes=20
bufferSize=1600
tileSize=262144
0:
1: 0
2: 0
3: 0
4: 1
5: 1 2
6: 1 3
7: 2
8: 2 3
9: 3
10: 4
11: 5 10
12: 6 10
13: 7 11
14: 8 11 12
15: 9 12
16: 13
17: 14 16
18: 15 17
19: 18
Creating queue...
Allocating memory...
Setting dependencies...
Populating the queue...
Inserting dependency kernels...
GPU memory usage: used = 1724.187500, free = 20865.125000 MB, total = 22589.312500 MB
Uploading graphs...
device 3 | Setup time (s): 0.4013
device 1 | Setup time (s): 0.4021
device 2 | Setup time (s): 0.4023
Initializing scheduler...
GPU memory usage: used = 1726.187500, free = 20863.125000 MB, total = 22589.312500 MB
Launching...
device 0 | Setup time (s): 0.4012
