====================================================
START_EXPERIMENT: BENCH=lu_mustard_FREQ=795_TILE=16_N=4800_R=5
====================================================
Setting GPUs to 795MHz...
Attempting to set GPU freq to 795 MHz (using default memory freq 6251 MHz)...
Successfully set GPU frequency.
Attempting to set GPU freq to 795 MHz (using default memory freq 6251 MHz)...
Successfully set GPU frequency.
Attempting to set GPU freq to 795 MHz (using default memory freq 6251 MHz)...
Successfully set GPU frequency.
Attempting to set GPU freq to 795 MHz (using default memory freq 6251 MHz)...
Successfully set GPU frequency.
Running lu_mustard...
Hello from rank: 1
Hello from rank: 0
Hello from rank: 2
Hello from rank: 3
Rank: 1 | Device count: 4 | Using device: 1 
Rank: 0 | Device count: 4 | Using device: 0 
Rank: 3 | Device count: 4 | Using device: 3 
Rank: 2 | Device count: 4 | Using device: 2 
device 3 | NVSHMEM init time (s): 4.2037
Hello from NVSHMEM_PE=0/4
4 GPUs detected, asked to use 4 GPUs
device 0 | NVSHMEM init time (s): 4.2038
device 2 | NVSHMEM init time (s): 4.2045
device 1 | NVSHMEM init time (s): 4.2049
TILED with N=4800 (16 of 300x300 tiles)
SM Limit per kernel = 20
cuBLAS workspace = 256 kB
totalNodes=1496
bufferSize=6784
tileSize=262144
device 0 | Setup time (s): 1.0409
device 0 | 0 run | time (s): 0.2386
device 0 | 1 run | time (s): 0.2316
device 0 | 2 run | time (s): 0.2294
device 0 | 3 run | time (s): 0.2311
device 0 | 4 run | time (s): 0.2311
Total time used (s): 1.1618
device 3 | Total program time (s): 6.8228
device 2 | Total program time (s): 6.9121
device 0 | Total program time (s): 6.9201
device 1 | Total program time (s): 6.9613
Starting monitoring (interval: 0.01s)
Output file: /tmp/job_160526_lu_mustard_795_16_gpu_0.csv

Signal SIGTERM received. Stopping monitoring...
Signal handler attempting to save data to /tmp/job_160526_lu_mustard_795_16_gpu_0.csv...
Saving 583 data points to /tmp/job_160526_lu_mustard_795_16_gpu_0.csv...
Data saved successfully to /tmp/job_160526_lu_mustard_795_16_gpu_0.csv
Exiting due to signal.
Main: Shutting down NVML.
Starting monitoring (interval: 0.01s)
Output file: /tmp/job_160526_lu_mustard_795_16_gpu_2.csv

Signal SIGTERM received. Stopping monitoring...
Signal handler attempting to save data to /tmp/job_160526_lu_mustard_795_16_gpu_2.csv...
Saving 588 data points to /tmp/job_160526_lu_mustard_795_16_gpu_2.csv...
Data saved successfully to /tmp/job_160526_lu_mustard_795_16_gpu_2.csv
Exiting due to signal.
Main: Shutting down NVML.
Starting monitoring (interval: 0.01s)
Output file: /tmp/job_160526_lu_mustard_795_16_gpu_1.csv

Signal SIGTERM received. Stopping monitoring...
Signal handler attempting to save data to /tmp/job_160526_lu_mustard_795_16_gpu_1.csv...
Saving 586 data points to /tmp/job_160526_lu_mustard_795_16_gpu_1.csv...
Data saved successfully to /tmp/job_160526_lu_mustard_795_16_gpu_1.csv
Exiting due to signal.
Main: Shutting down NVML.
Reset to default clocks
