=== Node: callisto ===
=== Date: Sat Apr  4 04:46:19 PM CEST 2026 ===

=== GPU Topology ===
	[4mGPU0	GPU1	GPU2	GPU3	GPU4	GPU5	GPU6	GPU7	CPU Affinity	NUMA Affinity	GPU NUMA ID[0m
GPU0	 X 	NODE	NODE	NODE	SYS	SYS	SYS	SYS	0,2,4,6,8,10	0		N/A
GPU1	NODE	 X 	NODE	NODE	SYS	SYS	SYS	SYS	0,2,4,6,8,10	0		N/A
GPU2	NODE	NODE	 X 	NODE	SYS	SYS	SYS	SYS	0,2,4,6,8,10	0		N/A
GPU3	NODE	NODE	NODE	 X 	SYS	SYS	SYS	SYS	0,2,4,6,8,10	0		N/A
GPU4	SYS	SYS	SYS	SYS	 X 	NODE	NODE	NODE	1,3,5,7,9,11	1		N/A
GPU5	SYS	SYS	SYS	SYS	NODE	 X 	NODE	NODE	1,3,5,7,9,11	1		N/A
GPU6	SYS	SYS	SYS	SYS	NODE	NODE	 X 	NODE	1,3,5,7,9,11	1		N/A
GPU7	SYS	SYS	SYS	SYS	NODE	NODE	NODE	 X 	1,3,5,7,9,11	1		N/A

Legend:

  X    = Self
  SYS  = Connection traversing PCIe as well as the SMP interconnect between NUMA nodes (e.g., QPI/UPI)
  NODE = Connection traversing PCIe as well as the interconnect between PCIe Host Bridges within a NUMA node
  PHB  = Connection traversing PCIe as well as a PCIe Host Bridge (typically the CPU)
  PXB  = Connection traversing multiple PCIe bridges (without traversing the PCIe Host Bridge)
  PIX  = Connection traversing at most a single PCIe bridge
  NV#  = Connection traversing a bonded set of # NVLinks

=== PCIe Peer Access Matrix ===
 	[4mGPU0	GPU1	GPU2	GPU3	GPU4	GPU5	GPU6	GPU7	[0m
 GPU0	X	OK	OK	OK	OK	OK	OK	OK	
 GPU1	OK	X	OK	OK	OK	OK	OK	OK	
 GPU2	OK	OK	X	OK	OK	OK	OK	OK	
 GPU3	OK	OK	OK	X	OK	OK	OK	OK	
 GPU4	OK	OK	OK	OK	X	OK	OK	OK	
 GPU5	OK	OK	OK	OK	OK	X	OK	OK	
 GPU6	OK	OK	OK	OK	OK	OK	X	OK	
 GPU7	OK	OK	OK	OK	OK	OK	OK	X	

Legend:

  X    = Self
  OK   = Status Ok
  CNS  = Chipset not supported
  GNS  = GPU not supported
  TNS  = Topology not supported
  NS   = Not supported
  U    = Unknown

=== GPU Info ===
GPU 0: NVIDIA L4 (UUID: GPU-9a2ebbe4-b393-f824-a56c-febcb25c77e0)
GPU 1: NVIDIA L4 (UUID: GPU-ba037542-fab3-b9c3-2a51-75a884a14fdb)
GPU 2: NVIDIA L4 (UUID: GPU-ec17e160-2127-67e8-4d59-2beae77ca15e)
GPU 3: NVIDIA L4 (UUID: GPU-155e8008-d0d1-0be9-8b04-662323bbe9c1)
GPU 4: NVIDIA L4 (UUID: GPU-7dabb902-7ba6-3e49-e0c6-fc04d99a1e69)
GPU 5: NVIDIA L4 (UUID: GPU-aead87e9-75b9-c567-36b6-1fcf32e38b9f)
GPU 6: NVIDIA L4 (UUID: GPU-d41dcf1d-39da-1c2e-c2f2-03be0ab4d277)
GPU 7: NVIDIA L4 (UUID: GPU-30bf5d52-e250-c344-d81c-072c0d69946c)
index, name, driver_version, pci.bus_id
0, NVIDIA L4, 565.57.01, 00000000:0D:00.0
1, NVIDIA L4, 565.57.01, 00000000:37:00.0
2, NVIDIA L4, 565.57.01, 00000000:4A:00.0
3, NVIDIA L4, 565.57.01, 00000000:61:00.0
4, NVIDIA L4, 565.57.01, 00000000:A0:00.0
5, NVIDIA L4, 565.57.01, 00000000:B5:00.0
6, NVIDIA L4, 565.57.01, 00000000:CA:00.0
7, NVIDIA L4, 565.57.01, 00000000:E1:00.0

=== Kernel / OS ===
Linux callisto 6.8.0-101-generic #101-Ubuntu SMP PREEMPT_DYNAMIC Mon Feb  9 10:15:05 UTC 2026 x86_64 x86_64 x86_64 GNU/Linux

=== Container: CUDA / NVSHMEM versions ===
nvcc: NVIDIA (R) Cuda compiler driver
Copyright (c) 2005-2024 NVIDIA Corporation
Built on Fri_Jun_14_16:34:21_PDT_2024
Cuda compilation tools, release 12.6, V12.6.20
Build cuda_12.6.r12.6/compiler.34431801_0

nvshmem not in ldconfig
no libnvshmem in /usr/local/lib

=== Container: MPI peer connectivity test (no NVSHMEM) ===
--------------------------------------------------------------------------
There are not enough slots available in the system to satisfy the 4
slots that were requested by the application:

  bash

Either request fewer slots for your application, or make more slots
available for use.

A "slot" is the Open MPI term for an allocatable unit where we can
launch a process.  The number of slots available are defined by the
environment in which Open MPI processes are run:

  1. Hostfile, via "slots=N" clauses (N defaults to number of
     processor cores if not provided)
  2. The --host command line parameter, via a ":N" suffix on the
     hostname (N defaults to 1 if not provided)
  3. Resource manager (e.g., SLURM, PBS/Torque, LSF, etc.)
  4. If none of a hostfile, the --host command line parameter, or an
     RM is present, Open MPI defaults to the number of processor cores

In all the above cases, if you want Open MPI to default to the number
of hardware threads instead of the number of processor cores, use the
--use-hwthread-cpus option.

Alternatively, you can use the --oversubscribe option to ignore the
number of available slots when deciding the number of processes to
launch.
--------------------------------------------------------------------------
