Applying frequencies via EnergyMonitor.py...
Attempting to set GPU freq to 2025 MHz (using default memory freq 6251 MHz)...
Error setting frequency: Insufficient Permissions
Note: Frequency changes may require elevated privileges
Attempting to set GPU freq to 2010 MHz (using default memory freq 6251 MHz)...
Error setting frequency: Insufficient Permissions
Note: Frequency changes may require elevated privileges
----------------------------------------------------
Step 2: Monitoring
----------------------------------------------------
Starting monitoring (interval: 0.1s)
Duration: 2.0s
Output file: stats_gpu0.csv

Monitoring duration reached.

Collected 20 samples
Ensuring data is saved...
Saving 20 data points to stats_gpu0.csv...
Data saved successfully to stats_gpu0.csv

Power Summary:
  Average: 30.0W
  Min: 29.9W
  Max: 30.1W

Energy Consumption (calculated from hardware counter):
  Total: 59.652 J

GPU Frequency Summary:
  Average: 2040MHz
  Min: 2040MHz
  Max: 2040MHz
Main: Shutting down NVML.
----------------------------------------------------
Step 3: Resetting Clocks
Error resetting clocks: Insufficient Permissions
Error resetting clocks: Insufficient Permissions
----------------------------------------------------
Step 4: Consolidating Results
----------------------------------------------------
--- BEGIN PROFILER DATA GPU 0 ---
timestamp,datetime,power_w,total_energy_mj,gpu_freq_mhz,mem_freq_mhz,temperature_c,gpu_util_pct,mem_util_pct
1774353774.8795671,2026-03-24T13:02:54.879567,29.866,34011251,2040,6251,50,0,0
1774353774.9852514,2026-03-24T13:02:54.985251,29.866,34014243,2040,6251,50,0,0
1774353775.0878685,2026-03-24T13:02:55.087868,29.866,34017229,2040,6251,50,0,0
1774353775.190301,2026-03-24T13:02:55.190301,29.866,34020200,2040,6251,50,0,0
1774353775.2929173,2026-03-24T13:02:55.292917,29.866,34023181,2040,6251,50,0,0
1774353775.3953683,2026-03-24T13:02:55.395368,29.963,34026159,2040,6251,50,0,0
1774353775.497941,2026-03-24T13:02:55.497941,29.963,34029133,2040,6251,50,0,0
1774353775.6003664,2026-03-24T13:02:55.600366,29.963,34032114,2040,6251,50,0,0
1774353775.7030149,2026-03-24T13:02:55.703015,29.963,34035106,2040,6251,50,0,0
1774353775.8054724,2026-03-24T13:02:55.805472,29.963,34038099,2040,6251,50,0,0
1774353775.908035,2026-03-24T13:02:55.908035,29.963,34041082,2040,6251,50,0,0
1774353776.0104656,2026-03-24T13:02:56.010466,29.963,34044059,2040,6251,50,0,0
1774353776.1129587,2026-03-24T13:02:56.112959,29.963,34047037,2040,6251,50,0,0
1774353776.2154207,2026-03-24T13:02:56.215421,29.963,34050021,2040,6251,50,0,0
1774353776.3178942,2026-03-24T13:02:56.317894,29.963,34053017,2040,6251,50,0,0
1774353776.420348,2026-03-24T13:02:56.420348,30.109,34055993,2040,6251,50,0,0
1774353776.5228796,2026-03-24T13:02:56.522880,30.109,34058975,2040,6251,50,0,0
1774353776.6252882,2026-03-24T13:02:56.625288,30.109,34061961,2040,6251,50,0,0
1774353776.72788,2026-03-24T13:02:56.727880,30.109,34067922,2040,6251,50,0,0
1774353776.8303473,2026-03-24T13:02:56.830347,30.109,34070903,2040,6251,50,0,0
--- END PROFILER DATA GPU 0 ---
