Hello from rank: 1
Hello from rank: 2
Hello from rank: 0
Hello from rank: 3
Rank: 0 | Device count: 4 | Using device: 0 
Rank: 2 | Device count: 4 | Using device: 2 
Rank: 3 | Device count: 4 | Using device: 3 
Rank: 1 | Device count: 4 | Using device: 1 
device 3 | NVSHMEM init time (s): 17.7705
Hello from NVSHMEM_PE=0/4
4 GPUs detected, asked to use 4 GPUs
Program start timestamp: 1775052497.484215
device 0 | NVSHMEM init time (s): 17.7706
SUBGRAPH with N=2400 (5 of 480x480 tiles)
SM Limit per kernel = 20
cuBLAS workspace = 256 kB
device 2 | NVSHMEM init time (s): 17.7754
device 1 | NVSHMEM init time (s): 17.7974
totalNodes=35
bufferSize=1056
tileSize=262144
0:
1: 0
2: 0
3: 0
4: 0
5: 1
6: 1 2
7: 1 3
8: 1 4
9: 2
10: 2 3
11: 2 4
12: 3
13: 3 4
14: 4
15: 5
16: 6 15
17: 7 15
18: 8 15
19: 9 16
20: 10 16 17
21: 11 16 18
22: 12 17
23: 13 17 18
24: 14 18
25: 19
26: 20 25
27: 21 25
28: 22 26
29: 23 26 27
30: 24 27
31: 28
32: 29 31
33: 30 32
34: 33
Creating queue...
Allocating memory...
Setting dependencies...
Populating the queue...
device 2 | Setup time (s): 3.3270
device 1 | Setup time (s): 3.3113
device 3 | Setup time (s): 3.4071
