--- Elevating Privileges to Set Clocks ---
----------------------------------------------------
Step 2: Monitoring
----------------------------------------------------
Starting monitoring (interval: 0.1s)
Duration: 2.0s
Output file: stats_gpu0.csv

Monitoring duration reached.

Collected 20 samples
Ensuring data is saved...
Saving 20 data points to stats_gpu0.csv...
Data saved successfully to stats_gpu0.csv

Power Summary:
  Average: 16.6W
  Min: 16.6W
  Max: 16.7W

Energy Consumption (calculated from hardware counter):
  Total: 33.259 J

GPU Frequency Summary:
  Average: 210MHz
  Min: 210MHz
  Max: 210MHz
Main: Shutting down NVML.
----------------------------------------------------
Step 3: Resetting Clocks
----------------------------------------------------
Step 4: Consolidating Results
----------------------------------------------------
--- BEGIN PROFILER DATA GPU 0 ---
timestamp,datetime,power_w,total_energy_mj,gpu_freq_mhz,mem_freq_mhz,temperature_c,gpu_util_pct,mem_util_pct
1774368296.5517194,2026-03-24T17:04:56.551719,16.582,562317256,210,405,31,0,0
1774368296.6611583,2026-03-24T17:04:56.661158,16.582,562318919,210,405,31,0,0
1774368296.7645972,2026-03-24T17:04:56.764597,16.582,562320578,210,405,31,0,0
1774368296.8679895,2026-03-24T17:04:56.867990,16.582,562322238,210,405,31,0,0
1774368296.971413,2026-03-24T17:04:56.971413,16.582,562323897,210,405,31,0,0
1774368297.074886,2026-03-24T17:04:57.074886,16.582,562325557,210,405,31,0,0
1774368297.1785972,2026-03-24T17:04:57.178597,16.582,562327218,210,405,31,0,0
1774368297.281967,2026-03-24T17:04:57.281967,16.582,562328882,210,405,31,0,0
1774368297.3853595,2026-03-24T17:04:57.385360,16.582,562330544,210,405,31,0,0
1774368297.4887843,2026-03-24T17:04:57.488784,16.63,562332206,210,405,31,0,0
1774368297.5921795,2026-03-24T17:04:57.592180,16.63,562333873,210,405,31,0,0
1774368297.6956632,2026-03-24T17:04:57.695663,16.63,562335537,210,405,31,0,0
1774368297.7990503,2026-03-24T17:04:57.799050,16.63,562337200,210,405,31,0,0
1774368297.9024642,2026-03-24T17:04:57.902464,16.63,562338864,210,405,31,0,0
1774368298.0058851,2026-03-24T17:04:58.005885,16.63,562340531,210,405,31,0,0
1774368298.1092224,2026-03-24T17:04:58.109222,16.63,562342198,210,405,31,0,0
1774368298.2126474,2026-03-24T17:04:58.212647,16.63,562343863,210,405,31,0,0
1774368298.3161082,2026-03-24T17:04:58.316108,16.63,562345523,210,405,31,0,0
1774368298.4196458,2026-03-24T17:04:58.419646,16.679,562347190,210,405,31,0,0
1774368298.5229862,2026-03-24T17:04:58.522986,16.679,562350515,210,405,31,0,0
--- END PROFILER DATA GPU 0 ---
