--- Elevating Privileges to Set Clocks ---
----------------------------------------------------
Step 2: Monitoring
----------------------------------------------------
Starting monitoring (interval: 0.1s)
Duration: 2.0s
Output file: stats_gpu0.csv

Monitoring duration reached.

Collected 20 samples
Ensuring data is saved...
Saving 20 data points to stats_gpu0.csv...
Data saved successfully to stats_gpu0.csv

Power Summary:
  Average: 16.7W
  Min: 16.7W
  Max: 16.7W

Energy Consumption (calculated from hardware counter):
  Total: 33.440 J

GPU Frequency Summary:
  Average: 210MHz
  Min: 210MHz
  Max: 210MHz
Main: Shutting down NVML.
----------------------------------------------------
Step 3: Resetting Clocks
----------------------------------------------------
Step 4: Consolidating Results
----------------------------------------------------
--- BEGIN PROFILER DATA GPU 3 ---
timestamp,datetime,power_w,total_energy_mj,gpu_freq_mhz,mem_freq_mhz,temperature_c,gpu_util_pct,mem_util_pct
1774357859.3168578,2026-03-24T14:10:59.316858,16.738,1450424529,210,405,35,0,0
1774357859.4266088,2026-03-24T14:10:59.426609,16.738,1450426206,210,405,35,0,0
1774357859.530079,2026-03-24T14:10:59.530079,16.738,1450427876,210,405,35,0,0
1774357859.6335282,2026-03-24T14:10:59.633528,16.738,1450429547,210,405,35,0,0
1774357859.737004,2026-03-24T14:10:59.737004,16.738,1450431218,210,405,35,0,0
1774357859.8408966,2026-03-24T14:10:59.840897,16.738,1450432890,210,405,35,0,0
1774357859.9443612,2026-03-24T14:10:59.944361,16.738,1450434564,210,405,35,0,0
1774357860.0480814,2026-03-24T14:11:00.048081,16.738,1450436234,210,405,35,0,0
1774357860.1514857,2026-03-24T14:11:00.151486,16.738,1450437908,210,405,35,0,0
1774357860.2547994,2026-03-24T14:11:00.254799,16.738,1450439579,210,405,35,0,0
1774357860.358212,2026-03-24T14:11:00.358212,16.738,1450441252,210,405,35,0,0
1774357860.4615686,2026-03-24T14:11:00.461569,16.738,1450442925,210,405,35,0,0
1774357860.5649993,2026-03-24T14:11:00.564999,16.738,1450446272,210,405,35,0,0
1774357860.6683328,2026-03-24T14:11:00.668333,16.738,1450447944,210,405,35,0,0
1774357860.7717316,2026-03-24T14:11:00.771732,16.738,1450449615,210,405,35,0,0
1774357860.8751657,2026-03-24T14:11:00.875166,16.738,1450451287,210,405,35,0,0
1774357860.9787686,2026-03-24T14:11:00.978769,16.735,1450452956,210,405,35,0,0
1774357861.082475,2026-03-24T14:11:01.082475,16.735,1450454626,210,405,35,0,0
1774357861.1858194,2026-03-24T14:11:01.185819,16.735,1450456299,210,405,35,0,0
1774357861.2893498,2026-03-24T14:11:01.289350,16.735,1450457969,210,405,35,0,0
--- END PROFILER DATA GPU 3 ---
