====================================================
START_EXPERIMENT: BENCH=lu_mustard_FREQ=2040_TILE=16_N=9600_R=5
====================================================
Setting GPUs to 2040MHz...
Attempting to set GPU freq to 2040 MHz (using default memory freq 6251 MHz)...
Successfully set GPU frequency.
Attempting to set GPU freq to 2040 MHz (using default memory freq 6251 MHz)...
Successfully set GPU frequency.
Attempting to set GPU freq to 2040 MHz (using default memory freq 6251 MHz)...
Successfully set GPU frequency.
Attempting to set GPU freq to 2040 MHz (using default memory freq 6251 MHz)...
Successfully set GPU frequency.
Running lu_mustard...
[rank 0] init: got OMPI_COMM_WORLD_LOCAL_RANK
[rank 1] init: got OMPI_COMM_WORLD_LOCAL_RANK
[rank 3] init: got OMPI_COMM_WORLD_LOCAL_RANK
[rank 2] init: got OMPI_COMM_WORLD_LOCAL_RANK
[rank 0] init: cudaSetDevice(0) ok (dev_count=4)
[rank 0] init: calling nvshmem_init()...
[rank 1] init: cudaSetDevice(1) ok (dev_count=4)
[rank 1] init: calling nvshmem_init()...
[rank 3] init: cudaSetDevice(3) ok (dev_count=4)
[rank 3] init: calling nvshmem_init()...
[rank 2] init: cudaSetDevice(2) ok (dev_count=4)
[rank 2] init: calling nvshmem_init()...
[rank 1] init: nvshmem_init() returned
[rank 1] init: myPE=1, nPEs=4
device 1 | NVSHMEM init time (s): 6.3984
[rank 3] init: nvshmem_init() returned
[rank 3] init: myPE=3, nPEs=4
device 3 | NVSHMEM init time (s): 6.3983
[rank 0] init: nvshmem_init() returned
[rank 0] init: myPE=0, nPEs=4
Program start timestamp: 1777306236.8334879
device 0 | NVSHMEM init time (s): 6.3985
[rank 2] init: nvshmem_init() returned
[rank 2] init: myPE=2, nPEs=4
device 2 | NVSHMEM init time (s): 6.3983
STATIC-MULTIGPU with N=9600 (16 of 600x600 tiles)
SM Limit per kernel = 20
cuBLAS workspace = 256 kB
device 2 | Setup time (s): 3.2706
device 3 | Setup time (s): 3.2944
device 0 | Setup time (s): 3.2962
device 1 | Setup time (s): 3.3122
lu tiledStatic start_time: 1777306246.7081266
lu tiledStatic end_time: 1777306247.8773099
device 0 | 0 run | time (s): 1.1692
device 2 | 0 run | time (s): 1.1721
device 3 | 0 run | time (s): 1.1743
device 1 | 0 run | time (s): 1.1721
lu tiledStatic start_time: 1777306248.0453354
lu tiledStatic end_time: 1777306249.2366104
device 0 | 1 run | time (s): 1.1913
device 2 | 1 run | time (s): 1.1946
device 3 | 1 run | time (s): 1.1969
device 1 | 1 run | time (s): 1.1926
lu tiledStatic start_time: 1777306249.4425970
lu tiledStatic end_time: 1777306250.6237421
device 0 | 2 run | time (s): 1.1811
device 2 | 2 run | time (s): 1.1840
device 3 | 2 run | time (s): 1.1863
device 1 | 2 run | time (s): 1.1820
lu tiledStatic start_time: 1777306250.8252368
