Hello from rank: 1
Hello from rank: 3
Hello from rank: 2
Hello from rank: 0
Rank: 3 | Device count: 4 | Using device: 3 
Rank: 1 | Device count: 4 | Using device: 1 
Rank: 2 | Device count: 4 | Using device: 2 
Rank: 0 | Device count: 4 | Using device: 0 
Hello from NVSHMEM_PE=0/4
4 GPUs detected, asked to use 4 GPUs
Program start timestamp: 1775051939.024776
device 0 | NVSHMEM init time (s): 4.0234
device 1 | NVSHMEM init time (s): 4.0235
device 2 | NVSHMEM init time (s): 4.0235
device 3 | NVSHMEM init time (s): 4.0235
SUBGRAPH with N=24000 (8 of 3000x3000 tiles)
SM Limit per kernel = 20
cuBLAS workspace = 256 kB
totalNodes=120
bufferSize=35488
tileSize=262144
0:
1: 0
2: 0
3: 0
4: 0
5: 0
6: 0
7: 0
8: 1
9: 1 2
10: 1 3
11: 1 4
12: 1 5
13: 1 6
14: 1 7
15: 2
16: 2 3
17: 2 4
18: 2 5
19: 2 6
20: 2 7
21: 3
22: 3 4
23: 3 5
24: 3 6
25: 3 7
26: 4
27: 4 5
28: 4 6
29: 4 7
30: 5
31: 5 6
32: 5 7
33: 6
34: 6 7
35: 7
36: 8
37: 9 36
38: 10 36
39: 11 36
40: 12 36
41: 13 36
42: 14 36
43: 15 37
44: 16 37 38
45: 17 37 39
46: 18 37 40
47: 19 37 41
48: 20 37 42
49: 21 38
50: 22 38 39
51: 23 38 40
52: 24 38 41
53: 25 38 42
54: 26 39
55: 27 39 40
56: 28 39 41
57: 29 39 42
58: 30 40
59: 31 40 41
60: 32 40 42
61: 33 41
62: 34 41 42
63: 35 42
64: 43
65: 44 64
66: 45 64
67: 46 64
68: 47 64
69: 48 64
70: 49 65
71: 50 65 66
72: 51 65 67
73: 52 65 68
74: 53 65 69
75: 54 66
76: 55 66 67
77: 56 66 68
78: 57 66 69
79: 58 67
80: 59 67 68
81: 60 67 69
82: 61 68
83: 62 68 69
84: 63 69
85: 70
86: 71 85
87: 72 85
88: 73 85
89: 74 85
90: 75 86
91: 76 86 87
92: 77 86 88
93: 78 86 89
94: 79 87
95: 80 87 88
96: 81 87 89
97: 82 88
98: 83 88 89
99: 84 89
100: 90
101: 91 100
102: 92 100
103: 93 100
104: 94 101
105: 95 101 102
106: 96 101 103
107: 97 102
108: 98 102 103
109: 99 103
110: 104
111: 105 110
112: 106 110
113: 107 111
114: 108 111 112
115: 109 112
116: 113
117: 114 116
118: 115 117
119: 118
Creating queue...
Allocating memory...
Setting dependencies...
Populating the queue...
device 2 | Setup time (s): 14.2976
device 3 | Setup time (s): 14.3000
device 1 | Setup time (s): 14.3000
