Hello from rank: 1
Hello from rank: 3
Hello from rank: 2
Hello from rank: 0
Rank: 3 | Device count: 4 | Using device: 3 
Rank: 1 | Device count: 4 | Using device: 1 
Rank: 2 | Device count: 4 | Using device: 2 
Rank: 0 | Device count: 4 | Using device: 0 
device 1 | NVSHMEM init time (s): 10.5929
device 2 | NVSHMEM init time (s): 10.5928
device 3 | NVSHMEM init time (s): 10.5928
Hello from NVSHMEM_PE=0/4
4 GPUs detected, asked to use 4 GPUs
Program start timestamp: 1775051376.681243
device 0 | NVSHMEM init time (s): 10.5928
TILED with N=6000 (10 of 600x600 tiles)
SM Limit per kernel = 20
cuBLAS workspace = 256 kB
totalNodes=385
bufferSize=9088
tileSize=262144
device 0 | Setup time (s): 2.6455
device 0 | 0 run | time (s): 0.4130
Total time used (s): 0.4130
device 2 | Total program time (s): 13.8322
device 0 | Total program time (s): 13.8441
Program end timestamp: 1775051390.525315
device 3 | Total program time (s): 13.8696
device 1 | Total program time (s): 13.8911
